TN:
SF:src\commands\api\find.ts
FN:16,(anonymous_9)
FN:20,(anonymous_10)
FN:31,(anonymous_11)
FN:35,(anonymous_12)
FN:57,(anonymous_13)
FN:72,(anonymous_14)
FN:108,(anonymous_15)
FN:113,(anonymous_16)
FN:116,(anonymous_17)
FN:123,(anonymous_18)
FN:124,(anonymous_19)
FN:144,(anonymous_20)
FN:167,(anonymous_21)
FNF:13
FNH:0
FNDA:0,(anonymous_9)
FNDA:0,(anonymous_10)
FNDA:0,(anonymous_11)
FNDA:0,(anonymous_12)
FNDA:0,(anonymous_13)
FNDA:0,(anonymous_14)
FNDA:0,(anonymous_15)
FNDA:0,(anonymous_16)
FNDA:0,(anonymous_17)
FNDA:0,(anonymous_18)
FNDA:0,(anonymous_19)
FNDA:0,(anonymous_20)
FNDA:0,(anonymous_21)
DA:1,0
DA:3,0
DA:4,0
DA:5,0
DA:15,0
DA:17,0
DA:21,0
DA:32,0
DA:33,0
DA:35,0
DA:36,0
DA:37,0
DA:40,0
DA:42,0
DA:43,0
DA:46,0
DA:47,0
DA:49,0
DA:50,0
DA:53,0
DA:58,0
DA:59,0
DA:61,0
DA:62,0
DA:63,0
DA:64,0
DA:65,0
DA:69,0
DA:73,0
DA:74,0
DA:76,0
DA:81,0
DA:82,0
DA:84,0
DA:85,0
DA:86,0
DA:88,0
DA:90,0
DA:91,0
DA:92,0
DA:94,0
DA:105,0
DA:109,0
DA:110,0
DA:114,0
DA:116,0
DA:117,0
DA:124,0
DA:125,0
DA:128,0
DA:134,0
DA:145,0
DA:147,0
DA:148,0
DA:149,0
DA:151,0
DA:152,0
DA:155,0
DA:157,0
DA:168,0
DA:170,0
DA:171,0
DA:172,0
DA:174,0
DA:175,0
DA:176,0
DA:177,0
DA:178,0
DA:179,0
DA:180,0
DA:181,0
DA:185,0
LF:72
LH:0
BRDA:36,0,0,0
BRDA:40,1,0,0
BRDA:40,1,1,0
BRDA:42,2,0,0
BRDA:49,3,0,0
BRDA:62,4,0,0
BRDA:62,5,0,0
BRDA:62,5,1,0
BRDA:91,6,0,0
BRDA:91,6,1,0
BRDA:92,7,0,0
BRDA:92,7,1,0
BRDA:109,8,0,0
BRDA:109,8,1,0
BRDA:117,9,0,0
BRDA:117,9,1,0
BRDA:117,9,2,0
BRDA:148,10,0,0
BRDA:148,10,1,0
BRDA:174,11,0,0
BRDA:174,11,1,0
BRDA:174,12,0,0
BRDA:174,12,1,0
BRDA:177,13,0,0
BRDA:177,13,1,0
BRDA:177,14,0,0
BRDA:177,14,1,0
BRDA:180,15,0,0
BRF:28
BRH:0
end_of_record
TN:
SF:src\commands\api\list.ts
FN:19,(anonymous_9)
FN:23,(anonymous_10)
FN:34,(anonymous_11)
FN:38,(anonymous_12)
FN:55,(anonymous_13)
FN:70,(anonymous_14)
FN:112,(anonymous_15)
FN:125,(anonymous_16)
FN:126,(anonymous_17)
FN:146,(anonymous_18)
FN:151,(anonymous_19)
FN:175,(anonymous_20)
FN:189,(anonymous_21)
FNF:13
FNH:0
FNDA:0,(anonymous_9)
FNDA:0,(anonymous_10)
FNDA:0,(anonymous_11)
FNDA:0,(anonymous_12)
FNDA:0,(anonymous_13)
FNDA:0,(anonymous_14)
FNDA:0,(anonymous_15)
FNDA:0,(anonymous_16)
FNDA:0,(anonymous_17)
FNDA:0,(anonymous_18)
FNDA:0,(anonymous_19)
FNDA:0,(anonymous_20)
FNDA:0,(anonymous_21)
DA:1,0
DA:3,0
DA:4,0
DA:5,0
DA:18,0
DA:20,0
DA:24,0
DA:35,0
DA:36,0
DA:38,0
DA:39,0
DA:41,0
DA:42,0
DA:45,0
DA:47,0
DA:48,0
DA:51,0
DA:56,0
DA:57,0
DA:59,0
DA:60,0
DA:61,0
DA:62,0
DA:63,0
DA:67,0
DA:71,0
DA:72,0
DA:75,0
DA:80,0
DA:81,0
DA:83,0
DA:84,0
DA:85,0
DA:87,0
DA:89,0
DA:91,0
DA:92,0
DA:93,0
DA:96,0
DA:97,0
DA:109,0
DA:114,0
DA:115,0
DA:116,0
DA:118,0
DA:119,0
DA:122,0
DA:126,0
DA:127,0
DA:130,0
DA:136,0
DA:147,0
DA:148,0
DA:150,0
DA:151,0
DA:152,0
DA:154,0
DA:155,0
DA:156,0
DA:157,0
DA:158,0
DA:159,0
DA:163,0
DA:165,0
DA:176,0
DA:178,0
DA:179,0
DA:180,0
DA:181,0
DA:183,0
DA:186,0
DA:190,0
DA:192,0
DA:193,0
DA:194,0
DA:196,0
DA:197,0
DA:198,0
DA:199,0
DA:200,0
DA:204,0
LF:81
LH:0
BRDA:39,0,0,0
BRDA:39,0,1,0
BRDA:41,1,0,0
BRDA:47,2,0,0
BRDA:60,3,0,0
BRDA:60,4,0,0
BRDA:60,4,1,0
BRDA:92,5,0,0
BRDA:92,5,1,0
BRDA:93,6,0,0
BRDA:93,6,1,0
BRDA:96,7,0,0
BRDA:115,8,0,0
BRDA:115,8,1,0
BRDA:118,9,0,0
BRDA:157,10,0,0
BRDA:157,10,1,0
BRDA:158,11,0,0
BRDA:158,11,1,0
BRDA:180,12,0,0
BRDA:196,13,0,0
BRDA:196,13,1,0
BRDA:196,14,0,0
BRDA:196,14,1,0
BRDA:199,15,0,0
BRF:25
BRH:0
end_of_record
TN:
SF:src\commands\api\routes.ts
FN:18,(anonymous_9)
FN:22,(anonymous_10)
FN:33,(anonymous_11)
FN:37,(anonymous_12)
FN:54,(anonymous_13)
FN:68,(anonymous_14)
FN:103,(anonymous_15)
FN:104,(anonymous_16)
FN:118,(anonymous_17)
FN:119,(anonymous_18)
FN:139,(anonymous_19)
FN:166,(anonymous_20)
FNF:12
FNH:0
FNDA:0,(anonymous_9)
FNDA:0,(anonymous_10)
FNDA:0,(anonymous_11)
FNDA:0,(anonymous_12)
FNDA:0,(anonymous_13)
FNDA:0,(anonymous_14)
FNDA:0,(anonymous_15)
FNDA:0,(anonymous_16)
FNDA:0,(anonymous_17)
FNDA:0,(anonymous_18)
FNDA:0,(anonymous_19)
FNDA:0,(anonymous_20)
DA:1,0
DA:3,0
DA:4,0
DA:5,0
DA:17,0
DA:19,0
DA:23,0
DA:34,0
DA:35,0
DA:37,0
DA:38,0
DA:40,0
DA:41,0
DA:44,0
DA:46,0
DA:47,0
DA:50,0
DA:55,0
DA:56,0
DA:58,0
DA:59,0
DA:60,0
DA:61,0
DA:65,0
DA:69,0
DA:72,0
DA:76,0
DA:77,0
DA:78,0
DA:80,0
DA:82,0
DA:83,0
DA:84,0
DA:85,0
DA:86,0
DA:88,0
DA:90,0
DA:91,0
DA:98,0
DA:101,0
DA:103,0
DA:104,0
DA:106,0
DA:107,0
DA:119,0
DA:120,0
DA:123,0
DA:129,0
DA:140,0
DA:142,0
DA:143,0
DA:144,0
DA:146,0
DA:147,0
DA:148,0
DA:149,0
DA:150,0
DA:154,0
DA:156,0
DA:167,0
DA:169,0
DA:170,0
DA:171,0
DA:173,0
DA:174,0
DA:175,0
DA:176,0
DA:177,0
DA:181,0
LF:69
LH:0
BRDA:38,0,0,0
BRDA:38,0,1,0
BRDA:40,1,0,0
BRDA:46,2,0,0
BRDA:59,3,0,0
BRDA:59,4,0,0
BRDA:59,4,1,0
BRDA:90,5,0,0
BRDA:149,6,0,0
BRDA:149,6,1,0
BRDA:173,7,0,0
BRDA:173,7,1,0
BRDA:173,8,0,0
BRDA:173,8,1,0
BRDA:176,9,0,0
BRF:15
BRH:0
end_of_record
TN:
SF:src\commands\arch\check.ts
FN:30,(anonymous_9)
FN:36,(anonymous_10)
FN:45,(anonymous_11)
FN:56,(anonymous_12)
FN:60,(anonymous_13)
FN:92,(anonymous_14)
FN:109,(anonymous_15)
FN:138,(anonymous_16)
FN:148,(anonymous_17)
FN:161,(anonymous_18)
FN:182,(anonymous_19)
FN:222,(anonymous_20)
FN:235,(anonymous_21)
FNF:13
FNH:0
FNDA:0,(anonymous_9)
FNDA:0,(anonymous_10)
FNDA:0,(anonymous_11)
FNDA:0,(anonymous_12)
FNDA:0,(anonymous_13)
FNDA:0,(anonymous_14)
FNDA:0,(anonymous_15)
FNDA:0,(anonymous_16)
FNDA:0,(anonymous_17)
FNDA:0,(anonymous_18)
FNDA:0,(anonymous_19)
FNDA:0,(anonymous_20)
FNDA:0,(anonymous_21)
DA:1,0
DA:3,0
DA:4,0
DA:5,0
DA:6,0
DA:29,0
DA:31,0
DA:41,0
DA:42,0
DA:46,0
DA:57,0
DA:58,0
DA:60,0
DA:61,0
DA:63,0
DA:64,0
DA:67,0
DA:69,0
DA:70,0
DA:72,0
DA:82,0
DA:84,0
DA:85,0
DA:88,0
DA:93,0
DA:94,0
DA:96,0
DA:97,0
DA:98,0
DA:100,0
DA:101,0
DA:102,0
DA:106,0
DA:110,0
DA:112,0
DA:113,0
DA:114,0
DA:116,0
DA:117,0
DA:118,0
DA:120,0
DA:121,0
DA:122,0
DA:123,0
DA:135,0
DA:140,0
DA:144,0
DA:145,0
DA:149,0
DA:150,0
DA:151,0
DA:161,0
DA:162,0
DA:165,0
DA:172,0
DA:183,0
DA:185,0
DA:186,0
DA:188,0
DA:198,0
DA:199,0
DA:200,0
DA:202,0
DA:203,0
DA:204,0
DA:205,0
DA:206,0
DA:207,0
DA:210,0
DA:212,0
DA:223,0
DA:224,0
DA:227,0
DA:228,0
DA:229,0
DA:231,0
DA:236,0
DA:238,0
DA:239,0
DA:240,0
DA:242,0
DA:243,0
DA:244,0
DA:245,0
DA:246,0
DA:250,0
LF:86
LH:0
BRDA:61,0,0,0
BRDA:61,0,1,0
BRDA:63,1,0,0
BRDA:69,2,0,0
BRDA:84,3,0,0
BRDA:112,4,0,0
BRDA:114,5,0,0
BRDA:120,6,0,0
BRDA:122,7,0,0
BRDA:149,8,0,0
BRDA:185,9,0,0
BRDA:223,10,0,0
BRDA:242,11,0,0
BRDA:242,11,1,0
BRDA:242,12,0,0
BRDA:242,12,1,0
BRDA:245,13,0,0
BRF:17
BRH:0
end_of_record
TN:
SF:src\commands\arch\rule-add.ts
FN:22,(anonymous_9)
FN:28,(anonymous_10)
FN:37,(anonymous_11)
FN:41,(anonymous_12)
FN:88,(anonymous_13)
FN:124,(anonymous_14)
FN:128,(anonymous_15)
FN:141,(anonymous_16)
FNF:8
FNH:0
FNDA:0,(anonymous_9)
FNDA:0,(anonymous_10)
FNDA:0,(anonymous_11)
FNDA:0,(anonymous_12)
FNDA:0,(anonymous_13)
FNDA:0,(anonymous_14)
FNDA:0,(anonymous_15)
FNDA:0,(anonymous_16)
DA:1,0
DA:4,0
DA:5,0
DA:6,0
DA:21,0
DA:23,0
DA:33,0
DA:34,0
DA:38,0
DA:39,0
DA:41,0
DA:42,0
DA:43,0
DA:46,0
DA:47,0
DA:49,0
DA:50,0
DA:51,0
DA:53,0
DA:54,0
DA:56,0
DA:58,0
DA:59,0
DA:60,0
DA:70,0
DA:77,0
DA:94,0
DA:95,0
DA:96,0
DA:98,0
DA:99,0
DA:100,0
DA:101,0
DA:102,0
DA:103,0
DA:104,0
DA:105,0
DA:106,0
DA:107,0
DA:108,0
DA:109,0
DA:112,0
DA:115,0
DA:125,0
DA:129,0
DA:130,0
DA:133,0
DA:134,0
DA:135,0
DA:137,0
DA:142,0
DA:144,0
DA:145,0
DA:146,0
DA:148,0
DA:149,0
DA:150,0
DA:151,0
DA:152,0
DA:156,0
LF:60
LH:0
BRDA:42,0,0,0
BRDA:58,1,0,0
BRDA:98,2,0,0
BRDA:98,2,1,0
BRDA:102,3,0,0
BRDA:102,3,1,0
BRDA:106,4,0,0
BRDA:106,4,1,0
BRDA:129,5,0,0
BRDA:148,6,0,0
BRDA:148,6,1,0
BRDA:148,7,0,0
BRDA:148,7,1,0
BRDA:151,8,0,0
BRF:14
BRH:0
end_of_record
TN:
SF:src\commands\arch\rules.ts
FN:22,(anonymous_9)
FN:28,(anonymous_10)
FN:37,(anonymous_11)
FN:41,(anonymous_12)
FN:52,(anonymous_13)
FN:53,(anonymous_14)
FN:74,(anonymous_15)
FN:100,(anonymous_16)
FN:109,(anonymous_17)
FN:122,(anonymous_18)
FNF:10
FNH:0
FNDA:0,(anonymous_9)
FNDA:0,(anonymous_10)
FNDA:0,(anonymous_11)
FNDA:0,(anonymous_12)
FNDA:0,(anonymous_13)
FNDA:0,(anonymous_14)
FNDA:0,(anonymous_15)
FNDA:0,(anonymous_16)
FNDA:0,(anonymous_17)
FNDA:0,(anonymous_18)
DA:1,0
DA:5,0
DA:6,0
DA:21,0
DA:23,0
DA:33,0
DA:34,0
DA:38,0
DA:39,0
DA:41,0
DA:42,0
DA:44,0
DA:45,0
DA:48,0
DA:53,0
DA:54,0
DA:55,0
DA:58,0
DA:64,0
DA:75,0
DA:81,0
DA:82,0
DA:83,0
DA:84,0
DA:85,0
DA:88,0
DA:90,0
DA:101,0
DA:106,0
DA:110,0
DA:111,0
DA:114,0
DA:115,0
DA:116,0
DA:118,0
DA:123,0
DA:125,0
DA:126,0
DA:127,0
DA:129,0
DA:130,0
DA:131,0
DA:135,0
LF:43
LH:0
BRDA:44,0,0,0
BRDA:106,1,0,0
BRDA:106,1,1,0
BRDA:110,2,0,0
BRDA:129,3,0,0
BRDA:129,4,0,0
BRDA:129,4,1,0
BRF:7
BRH:0
end_of_record
TN:
SF:src\commands\complexity\complexity.ts
FN:19,(anonymous_9)
FN:23,(anonymous_10)
FN:27,(anonymous_11)
FN:64,(anonymous_12)
FN:81,(anonymous_13)
FN:96,(anonymous_14)
FN:115,(anonymous_15)
FN:160,(anonymous_16)
FN:177,(anonymous_17)
FN:202,(anonymous_18)
FN:234,(anonymous_19)
FN:253,(anonymous_20)
FN:286,(anonymous_21)
FN:292,(anonymous_22)
FN:308,(anonymous_23)
FN:312,(anonymous_24)
FN:312,(anonymous_25)
FN:313,(anonymous_26)
FN:316,(anonymous_27)
FN:343,(anonymous_28)
FN:346,(anonymous_29)
FN:360,(anonymous_30)
FN:373,(anonymous_31)
FN:393,(anonymous_32)
FN:401,(anonymous_33)
FN:426,(anonymous_34)
FN:435,(anonymous_35)
FNF:27
FNH:0
FNDA:0,(anonymous_9)
FNDA:0,(anonymous_10)
FNDA:0,(anonymous_11)
FNDA:0,(anonymous_12)
FNDA:0,(anonymous_13)
FNDA:0,(anonymous_14)
FNDA:0,(anonymous_15)
FNDA:0,(anonymous_16)
FNDA:0,(anonymous_17)
FNDA:0,(anonymous_18)
FNDA:0,(anonymous_19)
FNDA:0,(anonymous_20)
FNDA:0,(anonymous_21)
FNDA:0,(anonymous_22)
FNDA:0,(anonymous_23)
FNDA:0,(anonymous_24)
FNDA:0,(anonymous_25)
FNDA:0,(anonymous_26)
FNDA:0,(anonymous_27)
FNDA:0,(anonymous_28)
FNDA:0,(anonymous_29)
FNDA:0,(anonymous_30)
FNDA:0,(anonymous_31)
FNDA:0,(anonymous_32)
FNDA:0,(anonymous_33)
FNDA:0,(anonymous_34)
FNDA:0,(anonymous_35)
DA:1,0
DA:3,0
DA:4,0
DA:5,0
DA:6,0
DA:7,0
DA:8,0
DA:18,0
DA:20,0
DA:24,0
DA:25,0
DA:27,0
DA:28,0
DA:29,0
DA:31,0
DA:32,0
DA:35,0
DA:37,0
DA:38,0
DA:39,0
DA:41,0
DA:42,0
DA:43,0
DA:44,0
DA:48,0
DA:50,0
DA:52,0
DA:53,0
DA:55,0
DA:57,0
DA:59,0
DA:65,0
DA:72,0
DA:74,0
DA:75,0
DA:76,0
DA:77,0
DA:81,0
DA:83,0
DA:85,0
DA:97,0
DA:98,0
DA:101,0
DA:102,0
DA:104,0
DA:116,0
DA:123,0
DA:124,0
DA:125,0
DA:126,0
DA:128,0
DA:129,0
DA:130,0
DA:131,0
DA:132,0
DA:133,0
DA:135,0
DA:136,0
DA:140,0
DA:141,0
DA:143,0
DA:161,0
DA:162,0
DA:164,0
DA:165,0
DA:166,0
DA:168,0
DA:178,0
DA:180,0
DA:192,0
DA:193,0
DA:194,0
DA:195,0
DA:199,0
DA:203,0
DA:204,0
DA:205,0
DA:207,0
DA:208,0
DA:211,0
DA:212,0
DA:213,0
DA:217,0
DA:218,0
DA:222,0
DA:223,0
DA:227,0
DA:228,0
DA:231,0
DA:235,0
DA:242,0
DA:243,0
DA:244,0
DA:245,0
DA:246,0
DA:250,0
DA:254,0
DA:255,0
DA:257,0
DA:258,0
DA:260,0
DA:261,0
DA:262,0
DA:264,0
DA:265,0
DA:266,0
DA:268,0
DA:271,0
DA:279,0
DA:280,0
DA:283,0
DA:286,0
DA:293,0
DA:294,0
DA:295,0
DA:297,0
DA:298,0
DA:299,0
DA:301,0
DA:302,0
DA:305,0
DA:309,0
DA:310,0
DA:312,0
DA:313,0
DA:317,0
DA:318,0
DA:320,0
DA:323,0
DA:326,0
DA:327,0
DA:331,0
DA:332,0
DA:334,0
DA:335,0
DA:336,0
DA:337,0
DA:339,0
DA:344,0
DA:345,0
DA:346,0
DA:347,0
DA:349,0
DA:350,0
DA:351,0
DA:358,0
DA:360,0
DA:361,0
DA:362,0
DA:363,0
DA:364,0
DA:365,0
DA:366,0
DA:369,0
DA:374,0
DA:375,0
DA:376,0
DA:377,0
DA:385,0
DA:386,0
DA:387,0
DA:388,0
DA:389,0
DA:390,0
DA:391,0
DA:392,0
DA:393,0
DA:394,0
DA:397,0
DA:402,0
DA:403,0
DA:404,0
DA:405,0
DA:406,0
DA:407,0
DA:408,0
DA:409,0
DA:418,0
DA:419,0
DA:420,0
DA:421,0
DA:422,0
DA:424,0
DA:425,0
DA:426,0
DA:427,0
DA:431,0
DA:436,0
DA:438,0
DA:439,0
DA:440,0
DA:441,0
DA:442,0
DA:443,0
DA:444,0
DA:445,0
DA:446,0
DA:447,0
DA:448,0
DA:449,0
DA:453,0
LF:201
LH:0
BRDA:25,0,0,0
BRDA:25,0,1,0
BRDA:28,1,0,0
BRDA:28,1,1,0
BRDA:29,2,0,0
BRDA:29,2,1,0
BRDA:29,2,2,0
BRDA:31,3,0,0
BRDA:37,4,0,0
BRDA:37,4,1,0
BRDA:38,5,0,0
BRDA:41,6,0,0
BRDA:42,7,0,0
BRDA:42,8,0,0
BRDA:42,8,1,0
BRDA:48,9,0,0
BRDA:48,9,1,0
BRDA:48,9,2,0
BRDA:48,9,3,0
BRDA:52,10,0,0
BRDA:83,11,0,0
BRDA:83,11,1,0
BRDA:97,12,0,0
BRDA:135,13,0,0
BRDA:140,14,0,0
BRDA:140,14,1,0
BRDA:194,15,0,0
BRDA:211,16,0,0
BRDA:217,17,0,0
BRDA:222,18,0,0
BRDA:222,19,0,0
BRDA:222,19,1,0
BRDA:227,20,0,0
BRDA:227,20,1,0
BRDA:245,21,0,0
BRDA:264,22,0,0
BRDA:265,23,0,0
BRDA:279,24,0,0
BRDA:298,25,0,0
BRDA:298,25,1,0
BRDA:299,26,0,0
BRDA:299,26,1,0
BRDA:310,27,0,0
BRDA:326,28,0,0
BRDA:334,29,0,0
BRDA:334,29,1,0
BRDA:336,30,0,0
BRDA:336,30,1,0
BRDA:344,31,0,0
BRDA:344,31,1,0
BRDA:350,32,0,0
BRDA:350,32,1,0
BRDA:374,33,0,0
BRDA:374,33,1,0
BRDA:376,34,0,0
BRDA:376,34,1,0
BRDA:402,35,0,0
BRDA:402,35,1,0
BRDA:408,36,0,0
BRDA:408,36,1,0
BRDA:424,37,0,0
BRDA:440,38,0,0
BRDA:440,38,1,0
BRDA:440,39,0,0
BRDA:440,39,1,0
BRDA:442,40,0,0
BRDA:442,40,1,0
BRDA:442,41,0,0
BRDA:442,41,1,0
BRDA:442,41,2,0
BRDA:444,42,0,0
BRDA:444,42,1,0
BRDA:444,43,0,0
BRDA:444,43,1,0
BRDA:446,44,0,0
BRDA:446,44,1,0
BRDA:446,45,0,0
BRDA:446,45,1,0
BRDA:448,46,0,0
BRDA:448,47,0,0
BRDA:448,47,1,0
BRF:81
BRH:0
end_of_record
TN:
SF:src\commands\config\flags.ts
FN:16,(anonymous_9)
FN:20,(anonymous_10)
FN:31,(anonymous_11)
FN:35,(anonymous_12)
FN:52,(anonymous_13)
FN:93,(anonymous_14)
FN:104,(anonymous_15)
FN:105,(anonymous_16)
FN:125,(anonymous_17)
FN:150,(anonymous_18)
FNF:10
FNH:0
FNDA:0,(anonymous_9)
FNDA:0,(anonymous_10)
FNDA:0,(anonymous_11)
FNDA:0,(anonymous_12)
FNDA:0,(anonymous_13)
FNDA:0,(anonymous_14)
FNDA:0,(anonymous_15)
FNDA:0,(anonymous_16)
FNDA:0,(anonymous_17)
FNDA:0,(anonymous_18)
DA:1,0
DA:3,0
DA:4,0
DA:5,0
DA:6,0
DA:15,0
DA:17,0
DA:21,0
DA:32,0
DA:33,0
DA:35,0
DA:36,0
DA:38,0
DA:39,0
DA:42,0
DA:44,0
DA:45,0
DA:48,0
DA:53,0
DA:54,0
DA:56,0
DA:57,0
DA:58,0
DA:60,0
DA:61,0
DA:64,0
DA:70,0
DA:71,0
DA:72,0
DA:73,0
DA:74,0
DA:77,0
DA:78,0
DA:90,0
DA:94,0
DA:95,0
DA:105,0
DA:106,0
DA:109,0
DA:115,0
DA:126,0
DA:132,0
DA:133,0
DA:134,0
DA:135,0
DA:138,0
DA:140,0
DA:151,0
DA:153,0
DA:154,0
DA:155,0
DA:157,0
DA:158,0
DA:159,0
DA:160,0
DA:161,0
DA:165,0
LF:57
LH:0
BRDA:36,0,0,0
BRDA:36,0,1,0
BRDA:38,1,0,0
BRDA:44,2,0,0
BRDA:72,3,0,0
BRDA:77,4,0,0
BRDA:82,5,0,0
BRDA:82,5,1,0
BRDA:82,6,0,0
BRDA:82,6,1,0
BRDA:96,7,0,0
BRDA:96,7,1,0
BRDA:96,7,2,0
BRDA:96,7,3,0
BRDA:96,7,4,0
BRDA:157,8,0,0
BRDA:157,8,1,0
BRDA:157,9,0,0
BRDA:157,9,1,0
BRDA:160,10,0,0
BRF:20
BRH:0
end_of_record
TN:
SF:src\commands\context\context.ts
FN:9,(anonymous_9)
FN:13,(anonymous_10)
FN:17,(anonymous_11)
FN:45,(anonymous_12)
FN:57,(anonymous_13)
FN:79,(anonymous_14)
FN:92,(anonymous_15)
FN:105,(anonymous_16)
FN:116,(anonymous_17)
FN:137,(anonymous_18)
FN:155,(anonymous_19)
FN:159,(anonymous_20)
FN:191,(anonymous_21)
FN:205,(anonymous_22)
FN:213,(anonymous_23)
FN:222,(anonymous_24)
FN:238,(anonymous_25)
FN:241,(anonymous_26)
FN:254,(anonymous_27)
FN:260,(anonymous_28)
FN:263,(anonymous_29)
FN:278,(anonymous_30)
FN:286,(anonymous_31)
FN:300,(anonymous_32)
FN:338,(anonymous_33)
FN:351,(anonymous_34)
FN:399,(anonymous_35)
FN:414,(anonymous_36)
FN:422,(anonymous_37)
FN:430,(anonymous_38)
FN:446,(anonymous_39)
FN:465,(anonymous_40)
FN:468,(anonymous_41)
FN:477,(anonymous_42)
FN:488,(anonymous_43)
FN:495,(anonymous_44)
FN:502,(anonymous_45)
FN:505,(anonymous_46)
FN:514,(anonymous_47)
FN:522,(anonymous_48)
FNF:40
FNH:0
FNDA:0,(anonymous_9)
FNDA:0,(anonymous_10)
FNDA:0,(anonymous_11)
FNDA:0,(anonymous_12)
FNDA:0,(anonymous_13)
FNDA:0,(anonymous_14)
FNDA:0,(anonymous_15)
FNDA:0,(anonymous_16)
FNDA:0,(anonymous_17)
FNDA:0,(anonymous_18)
FNDA:0,(anonymous_19)
FNDA:0,(anonymous_20)
FNDA:0,(anonymous_21)
FNDA:0,(anonymous_22)
FNDA:0,(anonymous_23)
FNDA:0,(anonymous_24)
FNDA:0,(anonymous_25)
FNDA:0,(anonymous_26)
FNDA:0,(anonymous_27)
FNDA:0,(anonymous_28)
FNDA:0,(anonymous_29)
FNDA:0,(anonymous_30)
FNDA:0,(anonymous_31)
FNDA:0,(anonymous_32)
FNDA:0,(anonymous_33)
FNDA:0,(anonymous_34)
FNDA:0,(anonymous_35)
FNDA:0,(anonymous_36)
FNDA:0,(anonymous_37)
FNDA:0,(anonymous_38)
FNDA:0,(anonymous_39)
FNDA:0,(anonymous_40)
FNDA:0,(anonymous_41)
FNDA:0,(anonymous_42)
FNDA:0,(anonymous_43)
FNDA:0,(anonymous_44)
FNDA:0,(anonymous_45)
FNDA:0,(anonymous_46)
FNDA:0,(anonymous_47)
FNDA:0,(anonymous_48)
DA:1,0
DA:3,0
DA:4,0
DA:5,0
DA:6,0
DA:8,0
DA:10,0
DA:14,0
DA:15,0
DA:17,0
DA:18,0
DA:20,0
DA:22,0
DA:24,0
DA:26,0
DA:28,0
DA:30,0
DA:32,0
DA:34,0
DA:36,0
DA:38,0
DA:40,0
DA:46,0
DA:48,0
DA:58,0
DA:59,0
DA:67,0
DA:68,0
DA:69,0
DA:71,0
DA:80,0
DA:81,0
DA:83,0
DA:93,0
DA:94,0
DA:96,0
DA:106,0
DA:108,0
DA:117,0
DA:118,0
DA:119,0
DA:122,0
DA:123,0
DA:124,0
DA:126,0
DA:127,0
DA:128,0
DA:130,0
DA:134,0
DA:138,0
DA:139,0
DA:140,0
DA:143,0
DA:144,0
DA:148,0
DA:149,0
DA:150,0
DA:152,0
DA:156,0
DA:157,0
DA:158,0
DA:159,0
DA:160,0
DA:161,0
DA:164,0
DA:165,0
DA:167,0
DA:168,0
DA:170,0
DA:171,0
DA:173,0
DA:174,0
DA:175,0
DA:181,0
DA:182,0
DA:183,0
DA:184,0
DA:186,0
DA:187,0
DA:188,0
DA:191,0
DA:192,0
DA:193,0
DA:197,0
DA:198,0
DA:199,0
DA:202,0
DA:203,0
DA:204,0
DA:205,0
DA:206,0
DA:210,0
DA:211,0
DA:212,0
DA:213,0
DA:214,0
DA:218,0
DA:223,0
DA:224,0
DA:225,0
DA:226,0
DA:234,0
DA:239,0
DA:240,0
DA:241,0
DA:242,0
DA:243,0
DA:244,0
DA:250,0
DA:251,0
DA:252,0
DA:254,0
DA:256,0
DA:261,0
DA:262,0
DA:263,0
DA:264,0
DA:266,0
DA:267,0
DA:268,0
DA:274,0
DA:275,0
DA:276,0
DA:278,0
DA:279,0
DA:282,0
DA:287,0
DA:288,0
DA:289,0
DA:290,0
DA:296,0
DA:301,0
DA:302,0
DA:310,0
DA:311,0
DA:312,0
DA:314,0
DA:315,0
DA:318,0
DA:325,0
DA:326,0
DA:327,0
DA:329,0
DA:339,0
DA:340,0
DA:342,0
DA:352,0
DA:353,0
DA:354,0
DA:356,0
DA:357,0
DA:358,0
DA:360,0
DA:361,0
DA:362,0
DA:364,0
DA:365,0
DA:366,0
DA:368,0
DA:369,0
DA:370,0
DA:372,0
DA:373,0
DA:374,0
DA:376,0
DA:380,0
DA:381,0
DA:382,0
DA:383,0
DA:385,0
DA:386,0
DA:390,0
DA:400,0
DA:401,0
DA:409,0
DA:410,0
DA:411,0
DA:413,0
DA:414,0
DA:415,0
DA:416,0
DA:421,0
DA:422,0
DA:423,0
DA:424,0
DA:429,0
DA:430,0
DA:431,0
DA:432,0
DA:437,0
DA:447,0
DA:448,0
DA:449,0
DA:450,0
DA:457,0
DA:458,0
DA:459,0
DA:461,0
DA:466,0
DA:467,0
DA:468,0
DA:469,0
DA:470,0
DA:472,0
DA:473,0
DA:474,0
DA:476,0
DA:477,0
DA:478,0
DA:479,0
DA:480,0
DA:481,0
DA:484,0
DA:489,0
DA:490,0
DA:491,0
DA:492,0
DA:494,0
DA:495,0
DA:496,0
DA:498,0
DA:503,0
DA:504,0
DA:505,0
DA:506,0
DA:507,0
DA:509,0
DA:510,0
DA:511,0
DA:513,0
DA:514,0
DA:515,0
DA:516,0
DA:518,0
DA:523,0
DA:525,0
DA:526,0
DA:527,0
DA:528,0
DA:529,0
DA:530,0
DA:531,0
DA:532,0
DA:533,0
DA:534,0
DA:535,0
DA:536,0
DA:537,0
DA:538,0
DA:539,0
DA:540,0
DA:541,0
DA:542,0
DA:543,0
DA:544,0
DA:545,0
DA:546,0
DA:547,0
DA:548,0
DA:549,0
DA:550,0
DA:554,0
LF:262
LH:0
BRDA:15,0,0,0
BRDA:15,0,1,0
BRDA:18,1,0,0
BRDA:18,1,1,0
BRDA:20,2,0,0
BRDA:20,2,1,0
BRDA:20,2,2,0
BRDA:20,2,3,0
BRDA:20,2,4,0
BRDA:20,2,5,0
BRDA:20,2,6,0
BRDA:20,2,7,0
BRDA:20,2,8,0
BRDA:20,2,9,0
BRDA:58,3,0,0
BRDA:58,4,0,0
BRDA:58,4,1,0
BRDA:81,5,0,0
BRDA:81,5,1,0
BRDA:94,6,0,0
BRDA:94,6,1,0
BRDA:126,7,0,0
BRDA:143,8,0,0
BRDA:156,9,0,0
BRDA:156,9,1,0
BRDA:160,10,0,0
BRDA:160,11,0,0
BRDA:160,11,1,0
BRDA:160,11,2,0
BRDA:164,12,0,0
BRDA:164,13,0,0
BRDA:164,13,1,0
BRDA:167,14,0,0
BRDA:167,15,0,0
BRDA:167,15,1,0
BRDA:170,16,0,0
BRDA:170,17,0,0
BRDA:170,17,1,0
BRDA:174,18,0,0
BRDA:174,18,1,0
BRDA:186,19,0,0
BRDA:192,20,0,0
BRDA:192,21,0,0
BRDA:192,21,1,0
BRDA:192,21,2,0
BRDA:197,22,0,0
BRDA:197,23,0,0
BRDA:197,23,1,0
BRDA:202,24,0,0
BRDA:202,25,0,0
BRDA:202,25,1,0
BRDA:210,26,0,0
BRDA:210,27,0,0
BRDA:210,27,1,0
BRDA:223,28,0,0
BRDA:223,28,1,0
BRDA:225,29,0,0
BRDA:225,29,1,0
BRDA:239,30,0,0
BRDA:239,30,1,0
BRDA:243,31,0,0
BRDA:243,31,1,0
BRDA:251,32,0,0
BRDA:251,32,1,0
BRDA:261,33,0,0
BRDA:261,33,1,0
BRDA:267,34,0,0
BRDA:267,34,1,0
BRDA:275,35,0,0
BRDA:275,35,1,0
BRDA:287,36,0,0
BRDA:287,36,1,0
BRDA:289,37,0,0
BRDA:289,37,1,0
BRDA:301,38,0,0
BRDA:311,39,0,0
BRDA:314,40,0,0
BRDA:320,41,0,0
BRDA:320,41,1,0
BRDA:322,42,0,0
BRDA:322,42,1,0
BRDA:340,43,0,0
BRDA:340,43,1,0
BRDA:357,44,0,0
BRDA:358,45,0,0
BRDA:358,45,1,0
BRDA:358,45,2,0
BRDA:358,45,3,0
BRDA:372,46,0,0
BRDA:380,47,0,0
BRDA:380,48,0,0
BRDA:380,48,1,0
BRDA:382,49,0,0
BRDA:385,50,0,0
BRDA:400,51,0,0
BRDA:413,52,0,0
BRDA:415,53,0,0
BRDA:421,54,0,0
BRDA:423,55,0,0
BRDA:423,56,0,0
BRDA:423,56,1,0
BRDA:429,57,0,0
BRDA:431,58,0,0
BRDA:431,59,0,0
BRDA:431,59,1,0
BRDA:447,60,0,0
BRDA:447,60,1,0
BRDA:449,61,0,0
BRDA:449,61,1,0
BRDA:458,62,0,0
BRDA:466,63,0,0
BRDA:466,63,1,0
BRDA:473,64,0,0
BRDA:473,64,1,0
BRDA:480,65,0,0
BRDA:489,66,0,0
BRDA:489,66,1,0
BRDA:491,67,0,0
BRDA:491,67,1,0
BRDA:503,68,0,0
BRDA:503,68,1,0
BRDA:506,69,0,0
BRDA:506,69,1,0
BRDA:506,70,0,0
BRDA:506,70,1,0
BRDA:510,71,0,0
BRDA:510,71,1,0
BRDA:515,72,0,0
BRDA:515,72,1,0
BRDA:515,73,0,0
BRDA:515,73,1,0
BRDA:527,74,0,0
BRDA:527,74,1,0
BRDA:527,75,0,0
BRDA:527,75,1,0
BRDA:529,76,0,0
BRDA:529,76,1,0
BRDA:531,77,0,0
BRDA:531,77,1,0
BRDA:531,78,0,0
BRDA:531,78,1,0
BRDA:533,79,0,0
BRDA:533,79,1,0
BRDA:533,80,0,0
BRDA:533,80,1,0
BRDA:535,81,0,0
BRDA:535,81,1,0
BRDA:535,82,0,0
BRDA:535,82,1,0
BRDA:537,83,0,0
BRDA:537,83,1,0
BRDA:537,84,0,0
BRDA:537,84,1,0
BRDA:539,85,0,0
BRDA:539,85,1,0
BRDA:539,86,0,0
BRDA:539,86,1,0
BRDA:539,86,2,0
BRDA:541,87,0,0
BRDA:541,87,1,0
BRDA:541,88,0,0
BRDA:541,88,1,0
BRDA:541,88,2,0
BRDA:543,89,0,0
BRDA:543,89,1,0
BRDA:543,90,0,0
BRDA:543,90,1,0
BRDA:543,90,2,0
BRDA:545,91,0,0
BRDA:545,91,1,0
BRDA:545,92,0,0
BRDA:545,92,1,0
BRDA:545,92,2,0
BRDA:547,93,0,0
BRDA:547,93,1,0
BRDA:547,94,0,0
BRDA:547,94,1,0
BRDA:547,94,2,0
BRDA:549,95,0,0
BRDA:549,96,0,0
BRDA:549,96,1,0
BRDA:549,96,2,0
BRDA:549,96,3,0
BRF:183
BRH:0
end_of_record
TN:
SF:src\commands\contract\check.ts
FN:15,(anonymous_9)
FN:19,(anonymous_10)
FN:30,(anonymous_11)
FN:34,(anonymous_12)
FN:55,(anonymous_13)
FN:121,(anonymous_14)
FN:139,(anonymous_15)
FN:157,(anonymous_16)
FN:171,(anonymous_17)
FN:191,(anonymous_18)
FN:229,(anonymous_19)
FNF:11
FNH:0
FNDA:0,(anonymous_9)
FNDA:0,(anonymous_10)
FNDA:0,(anonymous_11)
FNDA:0,(anonymous_12)
FNDA:0,(anonymous_13)
FNDA:0,(anonymous_14)
FNDA:0,(anonymous_15)
FNDA:0,(anonymous_16)
FNDA:0,(anonymous_17)
FNDA:0,(anonymous_18)
FNDA:0,(anonymous_19)
DA:1,0
DA:3,0
DA:4,0
DA:5,0
DA:14,0
DA:16,0
DA:20,0
DA:31,0
DA:32,0
DA:34,0
DA:35,0
DA:36,0
DA:39,0
DA:41,0
DA:42,0
DA:45,0
DA:47,0
DA:48,0
DA:51,0
DA:56,0
DA:57,0
DA:60,0
DA:61,0
DA:63,0
DA:64,0
DA:65,0
DA:67,0
DA:68,0
DA:71,0
DA:72,0
DA:73,0
DA:75,0
DA:76,0
DA:80,0
DA:83,0
DA:84,0
DA:88,0
DA:89,0
DA:90,0
DA:91,0
DA:93,0
DA:94,0
DA:96,0
DA:97,0
DA:98,0
DA:99,0
DA:103,0
DA:107,0
DA:108,0
DA:109,0
DA:118,0
DA:122,0
DA:123,0
DA:125,0
DA:126,0
DA:128,0
DA:130,0
DA:131,0
DA:132,0
DA:136,0
DA:140,0
DA:141,0
DA:143,0
DA:144,0
DA:146,0
DA:148,0
DA:149,0
DA:150,0
DA:154,0
DA:158,0
DA:159,0
DA:160,0
DA:171,0
DA:172,0
DA:175,0
DA:180,0
DA:192,0
DA:194,0
DA:195,0
DA:196,0
DA:207,0
DA:208,0
DA:209,0
DA:210,0
DA:212,0
DA:213,0
DA:216,0
DA:218,0
DA:230,0
DA:232,0
DA:233,0
DA:234,0
DA:236,0
DA:237,0
DA:238,0
DA:239,0
DA:240,0
DA:241,0
DA:242,0
DA:243,0
DA:247,0
LF:101
LH:0
BRDA:35,0,0,0
BRDA:39,1,0,0
BRDA:39,1,1,0
BRDA:41,2,0,0
BRDA:47,3,0,0
BRDA:72,4,0,0
BRDA:72,5,0,0
BRDA:72,5,1,0
BRDA:80,6,0,0
BRDA:83,7,0,0
BRDA:97,8,0,0
BRDA:97,9,0,0
BRDA:97,9,1,0
BRDA:103,10,0,0
BRDA:108,11,0,0
BRDA:128,12,0,0
BRDA:131,13,0,0
BRDA:146,14,0,0
BRDA:149,15,0,0
BRDA:149,16,0,0
BRDA:149,16,1,0
BRDA:158,17,0,0
BRDA:194,18,0,0
BRDA:236,19,0,0
BRDA:236,19,1,0
BRDA:236,20,0,0
BRDA:236,20,1,0
BRDA:239,21,0,0
BRDA:239,21,1,0
BRDA:239,22,0,0
BRDA:239,22,1,0
BRDA:242,23,0,0
BRF:32
BRH:0
end_of_record
TN:
SF:src\commands\coverage\report.ts
FN:21,(anonymous_9)
FN:25,(anonymous_10)
FN:36,(anonymous_11)
FN:40,(anonymous_12)
FN:57,(anonymous_13)
FN:69,(anonymous_14)
FN:77,(anonymous_15)
FN:106,(anonymous_16)
FN:110,(anonymous_17)
FN:130,(anonymous_18)
FN:144,(anonymous_19)
FN:158,(anonymous_20)
FN:185,(anonymous_21)
FNF:13
FNH:0
FNDA:0,(anonymous_9)
FNDA:0,(anonymous_10)
FNDA:0,(anonymous_11)
FNDA:0,(anonymous_12)
FNDA:0,(anonymous_13)
FNDA:0,(anonymous_14)
FNDA:0,(anonymous_15)
FNDA:0,(anonymous_16)
FNDA:0,(anonymous_17)
FNDA:0,(anonymous_18)
FNDA:0,(anonymous_19)
FNDA:0,(anonymous_20)
FNDA:0,(anonymous_21)
DA:1,0
DA:3,0
DA:4,0
DA:5,0
DA:6,0
DA:20,0
DA:22,0
DA:26,0
DA:37,0
DA:38,0
DA:40,0
DA:41,0
DA:43,0
DA:44,0
DA:47,0
DA:49,0
DA:50,0
DA:53,0
DA:59,0
DA:61,0
DA:62,0
DA:66,0
DA:70,0
DA:71,0
DA:72,0
DA:74,0
DA:77,0
DA:78,0
DA:79,0
DA:81,0
DA:82,0
DA:83,0
DA:84,0
DA:85,0
DA:86,0
DA:90,0
DA:102,0
DA:107,0
DA:111,0
DA:112,0
DA:115,0
DA:117,0
DA:131,0
DA:145,0
DA:148,0
DA:159,0
DA:160,0
DA:162,0
DA:175,0
DA:186,0
DA:188,0
DA:189,0
DA:190,0
DA:192,0
DA:193,0
DA:194,0
DA:195,0
DA:196,0
DA:200,0
LF:59
LH:0
BRDA:41,0,0,0
BRDA:41,0,1,0
BRDA:43,1,0,0
BRDA:49,2,0,0
BRDA:61,3,0,0
BRDA:74,4,0,0
BRDA:74,4,1,0
BRDA:83,5,0,0
BRDA:83,6,0,0
BRDA:83,6,1,0
BRDA:84,7,0,0
BRDA:84,7,1,0
BRDA:85,8,0,0
BRDA:86,9,0,0
BRDA:107,10,0,0
BRDA:107,10,1,0
BRDA:115,11,0,0
BRDA:115,11,1,0
BRDA:160,12,0,0
BRDA:160,12,1,0
BRDA:192,13,0,0
BRDA:192,13,1,0
BRDA:192,14,0,0
BRDA:192,14,1,0
BRDA:195,15,0,0
BRF:25
BRH:0
end_of_record
TN:
SF:src\commands\doc\complexity.ts
FN:8,(anonymous_0)
FN:12,(anonymous_1)
FN:25,(anonymous_2)
FN:91,(anonymous_3)
FN:120,(anonymous_4)
FN:142,(anonymous_5)
FNF:6
FNH:0
FNDA:0,(anonymous_0)
FNDA:0,(anonymous_1)
FNDA:0,(anonymous_2)
FNDA:0,(anonymous_3)
FNDA:0,(anonymous_4)
FNDA:0,(anonymous_5)
DA:1,0
DA:3,0
DA:4,0
DA:5,0
DA:7,0
DA:9,0
DA:10,0
DA:12,0
DA:13,0
DA:14,0
DA:17,0
DA:18,0
DA:21,0
DA:26,0
DA:27,0
DA:29,0
DA:30,0
DA:31,0
DA:32,0
DA:33,0
DA:34,0
DA:35,0
DA:36,0
DA:38,0
DA:39,0
DA:42,0
DA:52,0
DA:53,0
DA:55,0
DA:56,0
DA:57,0
DA:59,0
DA:69,0
DA:70,0
DA:71,0
DA:72,0
DA:74,0
DA:75,0
DA:76,0
DA:77,0
DA:78,0
DA:81,0
DA:96,0
DA:98,0
DA:99,0
DA:100,0
DA:101,0
DA:102,0
DA:103,0
DA:105,0
DA:106,0
DA:107,0
DA:108,0
DA:109,0
DA:110,0
DA:111,0
DA:113,0
DA:114,0
DA:115,0
DA:117,0
DA:121,0
DA:122,0
DA:124,0
DA:125,0
DA:127,0
DA:128,0
DA:129,0
DA:131,0
DA:135,0
DA:136,0
DA:139,0
DA:147,0
DA:149,0
DA:150,0
DA:151,0
DA:153,0
DA:154,0
DA:155,0
DA:156,0
DA:157,0
DA:161,0
LF:81
LH:0
BRDA:13,0,0,0
BRDA:17,1,0,0
BRDA:29,2,0,0
BRDA:98,3,0,0
BRDA:98,3,1,0
BRDA:99,4,0,0
BRDA:99,4,1,0
BRDA:100,5,0,0
BRDA:100,5,1,0
BRDA:101,6,0,0
BRDA:101,6,1,0
BRDA:114,7,0,0
BRDA:114,7,1,0
BRDA:115,8,0,0
BRDA:127,9,0,0
BRDA:128,10,0,0
BRDA:135,11,0,0
BRDA:147,12,0,0
BRDA:147,12,1,0
BRDA:153,13,0,0
BRDA:153,13,1,0
BRDA:155,14,0,0
BRDA:155,15,0,0
BRDA:155,15,1,0
BRF:24
BRH:0
end_of_record
TN:
SF:src\commands\doc\doc.ts
FN:8,(anonymous_0)
FN:12,(anonymous_1)
FN:16,(anonymous_2)
FN:37,(anonymous_3)
FN:55,(anonymous_4)
FN:88,(anonymous_5)
FN:154,(anonymous_6)
FN:171,(anonymous_7)
FN:173,(anonymous_8)
FN:176,(anonymous_9)
FN:177,(anonymous_10)
FN:180,(anonymous_11)
FN:183,(anonymous_12)
FN:186,(anonymous_13)
FN:187,(anonymous_14)
FN:190,(anonymous_15)
FN:193,(anonymous_16)
FN:196,(anonymous_17)
FN:197,(anonymous_18)
FN:200,(anonymous_19)
FN:203,(anonymous_20)
FN:206,(anonymous_21)
FNF:22
FNH:0
FNDA:0,(anonymous_0)
FNDA:0,(anonymous_1)
FNDA:0,(anonymous_2)
FNDA:0,(anonymous_3)
FNDA:0,(anonymous_4)
FNDA:0,(anonymous_5)
FNDA:0,(anonymous_6)
FNDA:0,(anonymous_7)
FNDA:0,(anonymous_8)
FNDA:0,(anonymous_9)
FNDA:0,(anonymous_10)
FNDA:0,(anonymous_11)
FNDA:0,(anonymous_12)
FNDA:0,(anonymous_13)
FNDA:0,(anonymous_14)
FNDA:0,(anonymous_15)
FNDA:0,(anonymous_16)
FNDA:0,(anonymous_17)
FNDA:0,(anonymous_18)
FNDA:0,(anonymous_19)
FNDA:0,(anonymous_20)
FNDA:0,(anonymous_21)
DA:1,0
DA:3,0
DA:4,0
DA:5,0
DA:7,0
DA:9,0
DA:13,0
DA:14,0
DA:16,0
DA:17,0
DA:18,0
DA:21,0
DA:22,0
DA:25,0
DA:26,0
DA:29,0
DA:30,0
DA:33,0
DA:38,0
DA:39,0
DA:41,0
DA:42,0
DA:44,0
DA:45,0
DA:53,0
DA:54,0
DA:55,0
DA:58,0
DA:59,0
DA:60,0
DA:61,0
DA:62,0
DA:64,0
DA:65,0
DA:66,0
DA:67,0
DA:69,0
DA:70,0
DA:71,0
DA:72,0
DA:75,0
DA:89,0
DA:90,0
DA:92,0
DA:94,0
DA:95,0
DA:96,0
DA:97,0
DA:98,0
DA:103,0
DA:109,0
DA:110,0
DA:111,0
DA:112,0
DA:116,0
DA:117,0
DA:119,0
DA:120,0
DA:121,0
DA:125,0
DA:126,0
DA:129,0
DA:130,0
DA:131,0
DA:132,0
DA:134,0
DA:135,0
DA:138,0
DA:139,0
DA:142,0
DA:155,0
DA:156,0
DA:158,0
DA:160,0
DA:161,0
DA:162,0
DA:163,0
DA:168,0
DA:172,0
DA:173,0
DA:177,0
DA:178,0
DA:180,0
DA:181,0
DA:183,0
DA:187,0
DA:188,0
DA:190,0
DA:191,0
DA:193,0
DA:197,0
DA:198,0
DA:200,0
DA:201,0
DA:203,0
DA:212,0
DA:214,0
DA:215,0
DA:216,0
DA:218,0
DA:219,0
DA:220,0
DA:221,0
DA:222,0
DA:223,0
DA:224,0
DA:225,0
DA:229,0
LF:108
LH:0
BRDA:17,0,0,0
BRDA:21,1,0,0
BRDA:25,2,0,0
BRDA:29,3,0,0
BRDA:55,4,0,0
BRDA:55,4,1,0
BRDA:55,4,2,0
BRDA:55,4,3,0
BRDA:66,5,0,0
BRDA:66,5,1,0
BRDA:66,6,0,0
BRDA:66,6,1,0
BRDA:66,6,2,0
BRDA:66,6,3,0
BRDA:69,7,0,0
BRDA:70,8,0,0
BRDA:71,9,0,0
BRDA:72,10,0,0
BRDA:94,11,0,0
BRDA:94,12,0,0
BRDA:94,12,1,0
BRDA:97,13,0,0
BRDA:111,14,0,0
BRDA:120,15,0,0
BRDA:125,16,0,0
BRDA:138,17,0,0
BRDA:162,18,0,0
BRDA:178,19,0,0
BRDA:180,20,0,0
BRDA:180,20,1,0
BRDA:181,21,0,0
BRDA:181,21,1,0
BRDA:188,22,0,0
BRDA:190,23,0,0
BRDA:190,23,1,0
BRDA:191,24,0,0
BRDA:191,24,1,0
BRDA:198,25,0,0
BRDA:200,26,0,0
BRDA:200,26,1,0
BRDA:201,27,0,0
BRDA:201,27,1,0
BRDA:203,28,0,0
BRDA:203,28,1,0
BRDA:212,29,0,0
BRDA:212,29,1,0
BRDA:218,30,0,0
BRDA:218,30,1,0
BRDA:218,31,0,0
BRDA:218,31,1,0
BRDA:220,32,0,0
BRDA:220,32,1,0
BRDA:220,33,0,0
BRDA:220,33,1,0
BRDA:223,34,0,0
BRDA:223,35,0,0
BRDA:223,35,1,0
BRF:57
BRH:0
end_of_record
TN:
SF:src\commands\doc\split.ts
FN:10,(anonymous_9)
FN:14,(anonymous_10)
FN:18,(anonymous_11)
FN:31,(anonymous_12)
FN:77,(anonymous_13)
FN:95,(anonymous_14)
FNF:6
FNH:0
FNDA:0,(anonymous_9)
FNDA:0,(anonymous_10)
FNDA:0,(anonymous_11)
FNDA:0,(anonymous_12)
FNDA:0,(anonymous_13)
FNDA:0,(anonymous_14)
DA:1,0
DA:3,0
DA:4,0
DA:5,0
DA:6,0
DA:7,0
DA:9,0
DA:11,0
DA:15,0
DA:16,0
DA:18,0
DA:19,0
DA:20,0
DA:23,0
DA:24,0
DA:27,0
DA:36,0
DA:37,0
DA:38,0
DA:39,0
DA:47,0
DA:49,0
DA:50,0
DA:51,0
DA:53,0
DA:54,0
DA:55,0
DA:56,0
DA:57,0
DA:58,0
DA:60,0
DA:62,0
DA:70,0
DA:71,0
DA:75,0
DA:77,0
DA:81,0
DA:101,0
DA:103,0
DA:104,0
DA:105,0
DA:107,0
DA:108,0
DA:109,0
DA:110,0
DA:111,0
DA:112,0
DA:113,0
DA:114,0
DA:118,0
LF:50
LH:0
BRDA:19,0,0,0
BRDA:23,1,0,0
BRDA:27,2,0,0
BRDA:27,2,1,0
BRDA:70,3,0,0
BRDA:91,4,0,0
BRDA:91,4,1,0
BRDA:101,5,0,0
BRDA:101,5,1,0
BRDA:107,6,0,0
BRDA:107,6,1,0
BRDA:107,7,0,0
BRDA:107,7,1,0
BRDA:110,8,0,0
BRDA:110,8,1,0
BRDA:112,9,0,0
BRDA:112,10,0,0
BRDA:112,10,1,0
BRF:18
BRH:0
end_of_record
TN:
SF:src\commands\doc\toc.ts
FN:15,(anonymous_0)
FN:19,(anonymous_1)
FN:23,(anonymous_2)
FN:36,(anonymous_3)
FN:97,(anonymous_4)
FN:109,(anonymous_5)
FNF:6
FNH:0
FNDA:0,(anonymous_0)
FNDA:0,(anonymous_1)
FNDA:0,(anonymous_2)
FNDA:0,(anonymous_3)
FNDA:0,(anonymous_4)
FNDA:0,(anonymous_5)
DA:1,0
DA:3,0
DA:4,0
DA:5,0
DA:14,0
DA:16,0
DA:20,0
DA:21,0
DA:23,0
DA:24,0
DA:25,0
DA:28,0
DA:29,0
DA:32,0
DA:37,0
DA:38,0
DA:39,0
DA:41,0
DA:42,0
DA:43,0
DA:45,0
DA:46,0
DA:47,0
DA:48,0
DA:57,0
DA:58,0
DA:60,0
DA:61,0
DA:62,0
DA:63,0
DA:65,0
DA:66,0
DA:67,0
DA:70,0
DA:71,0
DA:72,0
DA:85,0
DA:98,0
DA:100,0
DA:101,0
DA:102,0
DA:103,0
DA:106,0
DA:114,0
DA:116,0
DA:117,0
DA:118,0
DA:120,0
DA:121,0
DA:122,0
DA:123,0
DA:124,0
DA:128,0
LF:53
LH:0
BRDA:24,0,0,0
BRDA:28,1,0,0
BRDA:45,2,0,0
BRDA:70,3,0,0
BRDA:114,4,0,0
BRDA:114,4,1,0
BRDA:120,5,0,0
BRDA:120,5,1,0
BRDA:122,6,0,0
BRDA:122,7,0,0
BRDA:122,7,1,0
BRF:11
BRH:0
end_of_record
TN:
SF:src\commands\doctor\doctor.ts
FN:25,(anonymous_9)
FN:29,(anonymous_10)
FN:33,(anonymous_11)
FN:76,(anonymous_12)
FN:88,(anonymous_13)
FN:93,(anonymous_14)
FN:114,(anonymous_15)
FN:135,(anonymous_16)
FN:156,(anonymous_17)
FN:168,(anonymous_18)
FN:173,(anonymous_19)
FN:191,(anonymous_20)
FN:209,(anonymous_21)
FN:227,(anonymous_22)
FN:247,(anonymous_23)
FN:252,(anonymous_24)
FN:288,(anonymous_25)
FN:298,(anonymous_26)
FN:317,(anonymous_27)
FN:328,(anonymous_28)
FN:341,(anonymous_29)
FN:350,(anonymous_30)
FN:352,(anonymous_31)
FN:355,(anonymous_32)
FN:362,(anonymous_33)
FN:375,(anonymous_34)
FN:390,(anonymous_35)
FN:403,(anonymous_36)
FN:405,(anonymous_37)
FN:415,(anonymous_38)
FN:431,(anonymous_39)
FN:432,(anonymous_40)
FN:437,(anonymous_41)
FN:445,(anonymous_42)
FN:453,(anonymous_43)
FN:473,(anonymous_44)
FN:484,(anonymous_45)
FNF:37
FNH:0
FNDA:0,(anonymous_9)
FNDA:0,(anonymous_10)
FNDA:0,(anonymous_11)
FNDA:0,(anonymous_12)
FNDA:0,(anonymous_13)
FNDA:0,(anonymous_14)
FNDA:0,(anonymous_15)
FNDA:0,(anonymous_16)
FNDA:0,(anonymous_17)
FNDA:0,(anonymous_18)
FNDA:0,(anonymous_19)
FNDA:0,(anonymous_20)
FNDA:0,(anonymous_21)
FNDA:0,(anonymous_22)
FNDA:0,(anonymous_23)
FNDA:0,(anonymous_24)
FNDA:0,(anonymous_25)
FNDA:0,(anonymous_26)
FNDA:0,(anonymous_27)
FNDA:0,(anonymous_28)
FNDA:0,(anonymous_29)
FNDA:0,(anonymous_30)
FNDA:0,(anonymous_31)
FNDA:0,(anonymous_32)
FNDA:0,(anonymous_33)
FNDA:0,(anonymous_34)
FNDA:0,(anonymous_35)
FNDA:0,(anonymous_36)
FNDA:0,(anonymous_37)
FNDA:0,(anonymous_38)
FNDA:0,(anonymous_39)
FNDA:0,(anonymous_40)
FNDA:0,(anonymous_41)
FNDA:0,(anonymous_42)
FNDA:0,(anonymous_43)
FNDA:0,(anonymous_44)
FNDA:0,(anonymous_45)
DA:1,0
DA:3,0
DA:5,0
DA:6,0
DA:7,0
DA:8,0
DA:24,0
DA:26,0
DA:30,0
DA:31,0
DA:33,0
DA:34,0
DA:35,0
DA:36,0
DA:37,0
DA:38,0
DA:40,0
DA:42,0
DA:51,0
DA:63,0
DA:64,0
DA:67,0
DA:69,0
DA:70,0
DA:71,0
DA:77,0
DA:79,0
DA:80,0
DA:82,0
DA:83,0
DA:85,0
DA:86,0
DA:88,0
DA:90,0
DA:94,0
DA:95,0
DA:96,0
DA:98,0
DA:105,0
DA:115,0
DA:116,0
DA:118,0
DA:119,0
DA:126,0
DA:136,0
DA:137,0
DA:138,0
DA:140,0
DA:147,0
DA:157,0
DA:159,0
DA:160,0
DA:162,0
DA:163,0
DA:165,0
DA:166,0
DA:168,0
DA:170,0
DA:174,0
DA:175,0
DA:176,0
DA:182,0
DA:192,0
DA:194,0
DA:195,0
DA:201,0
DA:210,0
DA:212,0
DA:213,0
DA:219,0
DA:228,0
DA:230,0
DA:238,0
DA:239,0
DA:240,0
DA:247,0
DA:249,0
DA:253,0
DA:254,0
DA:255,0
DA:257,0
DA:258,0
DA:259,0
DA:261,0
DA:262,0
DA:269,0
DA:270,0
DA:277,0
DA:278,0
DA:285,0
DA:289,0
DA:290,0
DA:291,0
DA:292,0
DA:294,0
DA:306,0
DA:308,0
DA:309,0
DA:310,0
DA:311,0
DA:313,0
DA:324,0
DA:326,0
DA:328,0
DA:329,0
DA:330,0
DA:331,0
DA:333,0
DA:334,0
DA:335,0
DA:336,0
DA:341,0
DA:342,0
DA:343,0
DA:345,0
DA:346,0
DA:350,0
DA:351,0
DA:352,0
DA:355,0
DA:356,0
DA:359,0
DA:369,0
DA:371,0
DA:372,0
DA:374,0
DA:375,0
DA:376,0
DA:377,0
DA:378,0
DA:379,0
DA:381,0
DA:382,0
DA:383,0
DA:388,0
DA:389,0
DA:390,0
DA:391,0
DA:392,0
DA:393,0
DA:395,0
DA:396,0
DA:397,0
DA:402,0
DA:403,0
DA:404,0
DA:405,0
DA:406,0
DA:407,0
DA:409,0
DA:413,0
DA:414,0
DA:415,0
DA:416,0
DA:417,0
DA:418,0
DA:420,0
DA:421,0
DA:425,0
DA:427,0
DA:428,0
DA:431,0
DA:432,0
DA:434,0
DA:437,0
DA:438,0
DA:439,0
DA:442,0
DA:452,0
DA:453,0
DA:454,0
DA:455,0
DA:459,0
DA:473,0
DA:485,0
DA:487,0
DA:488,0
DA:489,0
DA:490,0
DA:494,0
LF:180
LH:0
BRDA:31,0,0,0
BRDA:31,0,1,0
BRDA:40,1,0,0
BRDA:40,1,1,0
BRDA:40,1,2,0
BRDA:60,2,0,0
BRDA:60,2,1,0
BRDA:63,3,0,0
BRDA:118,4,0,0
BRDA:194,5,0,0
BRDA:212,6,0,0
BRDA:243,7,0,0
BRDA:243,7,1,0
BRDA:265,8,0,0
BRDA:265,8,1,0
BRDA:266,9,0,0
BRDA:266,9,1,0
BRDA:273,10,0,0
BRDA:273,10,1,0
BRDA:274,11,0,0
BRDA:274,11,1,0
BRDA:281,12,0,0
BRDA:281,12,1,0
BRDA:282,13,0,0
BRDA:282,13,1,0
BRDA:306,14,0,0
BRDA:306,14,1,0
BRDA:308,15,0,0
BRDA:308,15,1,0
BRDA:310,16,0,0
BRDA:310,16,1,0
BRDA:326,17,0,0
BRDA:326,17,1,0
BRDA:329,18,0,0
BRDA:329,18,1,0
BRDA:330,19,0,0
BRDA:330,19,1,0
BRDA:333,20,0,0
BRDA:333,20,1,0
BRDA:335,21,0,0
BRDA:342,22,0,0
BRDA:342,22,1,0
BRDA:345,23,0,0
BRDA:345,23,1,0
BRDA:351,24,0,0
BRDA:355,25,0,0
BRDA:371,26,0,0
BRDA:371,26,1,0
BRDA:376,27,0,0
BRDA:376,27,1,0
BRDA:377,28,0,0
BRDA:377,28,1,0
BRDA:378,29,0,0
BRDA:378,29,1,0
BRDA:381,30,0,0
BRDA:381,30,1,0
BRDA:382,31,0,0
BRDA:391,32,0,0
BRDA:391,32,1,0
BRDA:392,33,0,0
BRDA:392,33,1,0
BRDA:395,34,0,0
BRDA:395,34,1,0
BRDA:396,35,0,0
BRDA:406,36,0,0
BRDA:406,36,1,0
BRDA:416,37,0,0
BRDA:416,37,1,0
BRDA:417,38,0,0
BRDA:417,38,1,0
BRDA:420,39,0,0
BRDA:420,39,1,0
BRDA:427,40,0,0
BRDA:427,40,1,0
BRDA:433,41,0,0
BRDA:433,41,1,0
BRDA:438,42,0,0
BRDA:438,43,0,0
BRDA:438,43,1,0
BRDA:454,44,0,0
BRDA:454,45,0,0
BRDA:454,45,1,0
BRDA:461,46,0,0
BRDA:461,46,1,0
BRDA:489,47,0,0
BRF:85
BRH:0
end_of_record
TN:
SF:src\commands\edit\copy.ts
FN:11,(anonymous_9)
FN:15,(anonymous_10)
FN:28,(anonymous_11)
FN:71,(anonymous_12)
FN:98,(anonymous_13)
FNF:5
FNH:0
FNDA:0,(anonymous_9)
FNDA:0,(anonymous_10)
FNDA:0,(anonymous_11)
FNDA:0,(anonymous_12)
FNDA:0,(anonymous_13)
DA:1,0
DA:3,0
DA:5,0
DA:6,0
DA:7,0
DA:8,0
DA:10,0
DA:12,0
DA:13,0
DA:15,0
DA:16,0
DA:17,0
DA:20,0
DA:21,0
DA:24,0
DA:29,0
DA:30,0
DA:32,0
DA:33,0
DA:36,0
DA:37,0
DA:38,0
DA:40,0
DA:41,0
DA:44,0
DA:45,0
DA:48,0
DA:49,0
DA:51,0
DA:54,0
DA:55,0
DA:57,0
DA:59,0
DA:72,0
DA:73,0
DA:74,0
DA:76,0
DA:77,0
DA:78,0
DA:79,0
DA:89,0
DA:90,0
DA:91,0
DA:92,0
DA:93,0
DA:94,0
DA:99,0
DA:101,0
DA:102,0
DA:104,0
DA:105,0
DA:106,0
DA:107,0
DA:108,0
DA:109,0
DA:110,0
DA:111,0
DA:115,0
LF:58
LH:0
BRDA:13,0,0,0
BRDA:13,0,1,0
BRDA:16,1,0,0
BRDA:20,2,0,0
BRDA:32,3,0,0
BRDA:40,4,0,0
BRDA:44,5,0,0
BRDA:44,6,0,0
BRDA:44,6,1,0
BRDA:48,7,0,0
BRDA:48,7,1,0
BRDA:49,8,0,0
BRDA:49,8,1,0
BRDA:66,9,0,0
BRDA:66,9,1,0
BRDA:72,10,0,0
BRDA:72,10,1,0
BRDA:76,11,0,0
BRDA:76,11,1,0
BRDA:77,12,0,0
BRDA:77,12,1,0
BRDA:78,13,0,0
BRDA:78,13,1,0
BRDA:84,14,0,0
BRDA:84,14,1,0
BRDA:93,15,0,0
BRDA:93,15,1,0
BRDA:104,16,0,0
BRDA:104,16,1,0
BRDA:106,17,0,0
BRDA:106,17,1,0
BRDA:108,18,0,0
BRDA:108,18,1,0
BRDA:110,19,0,0
BRF:34
BRH:0
end_of_record
TN:
SF:src\commands\edit\create.ts
FN:11,(anonymous_9)
FN:15,(anonymous_10)
FN:24,(anonymous_11)
FN:69,(anonymous_12)
FN:203,(anonymous_13)
FN:232,(anonymous_14)
FNF:6
FNH:0
FNDA:0,(anonymous_9)
FNDA:0,(anonymous_10)
FNDA:0,(anonymous_11)
FNDA:0,(anonymous_12)
FNDA:0,(anonymous_13)
FNDA:0,(anonymous_14)
DA:1,0
DA:3,0
DA:5,0
DA:6,0
DA:7,0
DA:8,0
DA:10,0
DA:12,0
DA:13,0
DA:15,0
DA:16,0
DA:17,0
DA:20,0
DA:25,0
DA:26,0
DA:28,0
DA:29,0
DA:30,0
DA:34,0
DA:35,0
DA:38,0
DA:39,0
DA:41,0
DA:42,0
DA:43,0
DA:44,0
DA:46,0
DA:49,0
DA:51,0
DA:52,0
DA:53,0
DA:55,0
DA:57,0
DA:70,0
DA:71,0
DA:73,0
DA:75,0
DA:83,0
DA:89,0
DA:95,0
DA:101,0
DA:119,0
DA:133,0
DA:187,0
DA:199,0
DA:204,0
DA:205,0
DA:207,0
DA:208,0
DA:209,0
DA:210,0
DA:220,0
DA:221,0
DA:222,0
DA:223,0
DA:224,0
DA:226,0
DA:228,0
DA:233,0
DA:235,0
DA:236,0
DA:238,0
DA:239,0
DA:240,0
DA:241,0
DA:242,0
DA:243,0
DA:244,0
DA:245,0
DA:246,0
DA:247,0
DA:251,0
LF:72
LH:0
BRDA:13,0,0,0
BRDA:13,0,1,0
BRDA:16,1,0,0
BRDA:28,2,0,0
BRDA:29,3,0,0
BRDA:34,4,0,0
BRDA:39,5,0,0
BRDA:39,5,1,0
BRDA:41,6,0,0
BRDA:41,6,1,0
BRDA:43,7,0,0
BRDA:43,7,1,0
BRDA:73,8,0,0
BRDA:73,8,1,0
BRDA:73,8,2,0
BRDA:73,8,3,0
BRDA:73,8,4,0
BRDA:73,8,5,0
BRDA:73,8,6,0
BRDA:73,8,7,0
BRDA:73,8,8,0
BRDA:73,8,9,0
BRDA:204,9,0,0
BRDA:204,9,1,0
BRDA:207,10,0,0
BRDA:207,10,1,0
BRDA:209,11,0,0
BRDA:209,11,1,0
BRDA:223,12,0,0
BRDA:223,12,1,0
BRDA:238,13,0,0
BRDA:238,13,1,0
BRDA:240,14,0,0
BRDA:240,14,1,0
BRDA:240,15,0,0
BRDA:240,15,1,0
BRDA:242,16,0,0
BRDA:242,16,1,0
BRDA:244,17,0,0
BRDA:244,17,1,0
BRDA:246,18,0,0
BRF:41
BRH:0
end_of_record
TN:
SF:src\commands\edit\delete.ts
FN:11,(anonymous_9)
FN:15,(anonymous_10)
FN:24,(anonymous_11)
FN:63,(anonymous_12)
FN:85,(anonymous_13)
FN:111,(anonymous_14)
FNF:6
FNH:0
FNDA:0,(anonymous_9)
FNDA:0,(anonymous_10)
FNDA:0,(anonymous_11)
FNDA:0,(anonymous_12)
FNDA:0,(anonymous_13)
FNDA:0,(anonymous_14)
DA:1,0
DA:3,0
DA:4,0
DA:5,0
DA:6,0
DA:7,0
DA:8,0
DA:10,0
DA:12,0
DA:13,0
DA:15,0
DA:16,0
DA:17,0
DA:20,0
DA:25,0
DA:27,0
DA:28,0
DA:31,0
DA:32,0
DA:33,0
DA:35,0
DA:36,0
DA:37,0
DA:38,0
DA:39,0
DA:44,0
DA:45,0
DA:47,0
DA:50,0
DA:52,0
DA:64,0
DA:65,0
DA:66,0
DA:68,0
DA:69,0
DA:71,0
DA:72,0
DA:73,0
DA:75,0
DA:78,0
DA:81,0
DA:86,0
DA:87,0
DA:89,0
DA:90,0
DA:91,0
DA:92,0
DA:100,0
DA:101,0
DA:102,0
DA:103,0
DA:104,0
DA:105,0
DA:107,0
DA:112,0
DA:114,0
DA:115,0
DA:117,0
DA:118,0
DA:119,0
DA:120,0
DA:121,0
DA:122,0
DA:126,0
LF:64
LH:0
BRDA:13,0,0,0
BRDA:13,0,1,0
BRDA:16,1,0,0
BRDA:27,2,0,0
BRDA:35,3,0,0
BRDA:36,4,0,0
BRDA:38,5,0,0
BRDA:44,6,0,0
BRDA:44,6,1,0
BRDA:45,7,0,0
BRDA:45,7,1,0
BRDA:58,8,0,0
BRDA:58,8,1,0
BRDA:65,9,0,0
BRDA:65,9,1,0
BRDA:65,9,2,0
BRDA:72,10,0,0
BRDA:72,10,1,0
BRDA:86,11,0,0
BRDA:86,11,1,0
BRDA:89,12,0,0
BRDA:89,12,1,0
BRDA:90,13,0,0
BRDA:90,13,1,0
BRDA:90,14,0,0
BRDA:90,14,1,0
BRDA:91,15,0,0
BRDA:91,15,1,0
BRDA:96,16,0,0
BRDA:96,16,1,0
BRDA:103,17,0,0
BRDA:103,17,1,0
BRDA:104,18,0,0
BRDA:117,19,0,0
BRDA:117,19,1,0
BRDA:119,20,0,0
BRDA:119,20,1,0
BRDA:121,21,0,0
BRF:38
BRH:0
end_of_record
TN:
SF:src\commands\edit\move.ts
FN:12,(anonymous_9)
FN:16,(anonymous_10)
FN:29,(anonymous_11)
FN:70,(anonymous_12)
FN:138,(anonymous_13)
FN:154,(anonymous_14)
FN:179,(anonymous_15)
FN:192,(anonymous_16)
FNF:8
FNH:0
FNDA:0,(anonymous_9)
FNDA:0,(anonymous_10)
FNDA:0,(anonymous_11)
FNDA:0,(anonymous_12)
FNDA:0,(anonymous_13)
FNDA:0,(anonymous_14)
FNDA:0,(anonymous_15)
FNDA:0,(anonymous_16)
DA:1,0
DA:3,0
DA:5,0
DA:6,0
DA:7,0
DA:8,0
DA:9,0
DA:11,0
DA:13,0
DA:14,0
DA:16,0
DA:17,0
DA:18,0
DA:21,0
DA:22,0
DA:25,0
DA:30,0
DA:31,0
DA:33,0
DA:34,0
DA:37,0
DA:38,0
DA:39,0
DA:41,0
DA:42,0
DA:45,0
DA:46,0
DA:49,0
DA:51,0
DA:52,0
DA:55,0
DA:57,0
DA:59,0
DA:71,0
DA:72,0
DA:74,0
DA:75,0
DA:76,0
DA:77,0
DA:79,0
DA:80,0
DA:82,0
DA:89,0
DA:90,0
DA:91,0
DA:92,0
DA:93,0
DA:94,0
DA:95,0
DA:97,0
DA:100,0
DA:101,0
DA:102,0
DA:103,0
DA:105,0
DA:106,0
DA:108,0
DA:109,0
DA:110,0
DA:112,0
DA:113,0
DA:118,0
DA:119,0
DA:125,0
DA:126,0
DA:135,0
DA:139,0
DA:140,0
DA:141,0
DA:143,0
DA:145,0
DA:146,0
DA:149,0
DA:151,0
DA:155,0
DA:156,0
DA:157,0
DA:159,0
DA:160,0
DA:161,0
DA:162,0
DA:171,0
DA:172,0
DA:173,0
DA:174,0
DA:175,0
DA:177,0
DA:178,0
DA:179,0
DA:180,0
DA:183,0
DA:184,0
DA:188,0
DA:193,0
DA:195,0
DA:196,0
DA:198,0
DA:199,0
DA:200,0
DA:201,0
DA:202,0
DA:203,0
DA:204,0
DA:205,0
DA:206,0
DA:207,0
DA:208,0
DA:209,0
DA:213,0
LF:109
LH:0
BRDA:14,0,0,0
BRDA:14,0,1,0
BRDA:17,1,0,0
BRDA:21,2,0,0
BRDA:33,3,0,0
BRDA:41,4,0,0
BRDA:45,5,0,0
BRDA:45,6,0,0
BRDA:45,6,1,0
BRDA:51,7,0,0
BRDA:74,8,0,0
BRDA:105,9,0,0
BRDA:105,10,0,0
BRDA:105,10,1,0
BRDA:105,10,2,0
BRDA:108,11,0,0
BRDA:118,12,0,0
BRDA:125,13,0,0
BRDA:145,14,0,0
BRDA:149,15,0,0
BRDA:149,15,1,0
BRDA:155,16,0,0
BRDA:155,16,1,0
BRDA:159,17,0,0
BRDA:159,17,1,0
BRDA:161,18,0,0
BRDA:161,18,1,0
BRDA:177,19,0,0
BRDA:183,20,0,0
BRDA:198,21,0,0
BRDA:198,21,1,0
BRDA:200,22,0,0
BRDA:200,22,1,0
BRDA:202,23,0,0
BRDA:202,23,1,0
BRDA:204,24,0,0
BRDA:204,24,1,0
BRDA:206,25,0,0
BRDA:206,25,1,0
BRDA:208,26,0,0
BRF:40
BRH:0
end_of_record
TN:
SF:src\commands\edit\patch.ts
FN:11,(anonymous_9)
FN:15,(anonymous_10)
FN:28,(anonymous_11)
FN:44,(anonymous_12)
FN:61,(anonymous_13)
FN:117,(anonymous_14)
FN:129,(anonymous_15)
FN:146,(anonymous_16)
FN:157,(anonymous_17)
FN:168,(anonymous_18)
FN:182,(anonymous_19)
FN:208,(anonymous_20)
FN:254,(anonymous_21)
FNF:13
FNH:0
FNDA:0,(anonymous_9)
FNDA:0,(anonymous_10)
FNDA:0,(anonymous_11)
FNDA:0,(anonymous_12)
FNDA:0,(anonymous_13)
FNDA:0,(anonymous_14)
FNDA:0,(anonymous_15)
FNDA:0,(anonymous_16)
FNDA:0,(anonymous_17)
FNDA:0,(anonymous_18)
FNDA:0,(anonymous_19)
FNDA:0,(anonymous_20)
FNDA:0,(anonymous_21)
DA:1,0
DA:3,0
DA:4,0
DA:5,0
DA:6,0
DA:7,0
DA:8,0
DA:10,0
DA:12,0
DA:13,0
DA:15,0
DA:16,0
DA:17,0
DA:20,0
DA:21,0
DA:24,0
DA:29,0
DA:30,0
DA:33,0
DA:34,0
DA:35,0
DA:38,0
DA:39,0
DA:40,0
DA:41,0
DA:43,0
DA:44,0
DA:45,0
DA:46,0
DA:47,0
DA:48,0
DA:49,0
DA:50,0
DA:51,0
DA:52,0
DA:53,0
DA:54,0
DA:55,0
DA:56,0
DA:57,0
DA:58,0
DA:59,0
DA:60,0
DA:61,0
DA:62,0
DA:63,0
DA:64,0
DA:65,0
DA:68,0
DA:70,0
DA:71,0
DA:72,0
DA:80,0
DA:90,0
DA:92,0
DA:93,0
DA:95,0
DA:103,0
DA:118,0
DA:120,0
DA:121,0
DA:124,0
DA:125,0
DA:126,0
DA:130,0
DA:131,0
DA:133,0
DA:139,0
DA:147,0
DA:148,0
DA:149,0
DA:151,0
DA:158,0
DA:159,0
DA:160,0
DA:162,0
DA:169,0
DA:170,0
DA:175,0
DA:183,0
DA:185,0
DA:187,0
DA:188,0
DA:189,0
DA:191,0
DA:192,0
DA:195,0
DA:196,0
DA:197,0
DA:198,0
DA:199,0
DA:200,0
DA:201,0
DA:205,0
DA:209,0
DA:211,0
DA:212,0
DA:213,0
DA:215,0
DA:216,0
DA:217,0
DA:220,0
DA:221,0
DA:233,0
DA:234,0
DA:235,0
DA:237,0
DA:238,0
DA:241,0
DA:242,0
DA:245,0
DA:246,0
DA:247,0
DA:251,0
DA:255,0
DA:259,0
DA:260,0
DA:261,0
DA:263,0
DA:264,0
DA:265,0
DA:266,0
DA:267,0
DA:268,0
DA:269,0
DA:270,0
DA:271,0
DA:272,0
DA:273,0
DA:274,0
DA:275,0
DA:276,0
DA:277,0
DA:278,0
DA:279,0
DA:280,0
DA:281,0
DA:282,0
DA:283,0
DA:284,0
DA:285,0
DA:286,0
DA:287,0
DA:291,0
LF:144
LH:0
BRDA:16,0,0,0
BRDA:20,1,0,0
BRDA:34,2,0,0
BRDA:34,3,0,0
BRDA:34,3,1,0
BRDA:43,4,0,0
BRDA:43,4,1,0
BRDA:50,5,0,0
BRDA:50,5,1,0
BRDA:55,6,0,0
BRDA:55,6,1,0
BRDA:60,7,0,0
BRDA:70,8,0,0
BRDA:120,9,0,0
BRDA:191,10,0,0
BRDA:195,11,0,0
BRDA:195,11,1,0
BRDA:195,12,0,0
BRDA:195,12,1,0
BRDA:197,13,0,0
BRDA:197,13,1,0
BRDA:197,14,0,0
BRDA:197,14,1,0
BRDA:199,15,0,0
BRDA:211,16,0,0
BRDA:211,16,1,0
BRDA:212,17,0,0
BRDA:212,17,1,0
BRDA:216,18,0,0
BRDA:220,19,0,0
BRDA:220,19,1,0
BRDA:225,20,0,0
BRDA:225,20,1,0
BRDA:237,21,0,0
BRDA:241,22,0,0
BRDA:245,23,0,0
BRDA:245,24,0,0
BRDA:245,24,1,0
BRDA:263,25,0,0
BRDA:263,25,1,0
BRDA:263,26,0,0
BRDA:263,26,1,0
BRDA:266,27,0,0
BRDA:266,27,1,0
BRDA:266,28,0,0
BRDA:266,28,1,0
BRDA:269,29,0,0
BRDA:269,29,1,0
BRDA:269,30,0,0
BRDA:269,30,1,0
BRDA:272,31,0,0
BRDA:272,31,1,0
BRDA:272,32,0,0
BRDA:272,32,1,0
BRDA:275,33,0,0
BRDA:275,33,1,0
BRDA:275,34,0,0
BRDA:275,34,1,0
BRDA:278,35,0,0
BRDA:278,35,1,0
BRDA:278,36,0,0
BRDA:278,36,1,0
BRDA:281,37,0,0
BRDA:281,37,1,0
BRDA:283,38,0,0
BRDA:283,38,1,0
BRDA:285,39,0,0
BRDA:285,40,0,0
BRDA:285,40,1,0
BRF:69
BRH:0
end_of_record
TN:
SF:src\commands\edit\rename.ts
FN:12,(anonymous_9)
FN:16,(anonymous_10)
FN:30,(anonymous_11)
FN:69,(anonymous_12)
FN:77,(anonymous_13)
FN:104,(anonymous_14)
FN:128,(anonymous_15)
FN:133,(anonymous_16)
FN:135,(anonymous_17)
FN:170,(anonymous_18)
FN:187,(anonymous_19)
FN:194,(anonymous_20)
FN:226,(anonymous_21)
FN:242,(anonymous_22)
FNF:14
FNH:0
FNDA:0,(anonymous_9)
FNDA:0,(anonymous_10)
FNDA:0,(anonymous_11)
FNDA:0,(anonymous_12)
FNDA:0,(anonymous_13)
FNDA:0,(anonymous_14)
FNDA:0,(anonymous_15)
FNDA:0,(anonymous_16)
FNDA:0,(anonymous_17)
FNDA:0,(anonymous_18)
FNDA:0,(anonymous_19)
FNDA:0,(anonymous_20)
FNDA:0,(anonymous_21)
FNDA:0,(anonymous_22)
DA:1,0
DA:3,0
DA:5,0
DA:6,0
DA:7,0
DA:8,0
DA:9,0
DA:11,0
DA:13,0
DA:14,0
DA:16,0
DA:17,0
DA:18,0
DA:21,0
DA:22,0
DA:25,0
DA:26,0
DA:31,0
DA:32,0
DA:35,0
DA:36,0
DA:38,0
DA:39,0
DA:41,0
DA:42,0
DA:43,0
DA:44,0
DA:47,0
DA:48,0
DA:49,0
DA:50,0
DA:53,0
DA:55,0
DA:70,0
DA:71,0
DA:72,0
DA:74,0
DA:78,0
DA:79,0
DA:81,0
DA:83,0
DA:84,0
DA:85,0
DA:87,0
DA:94,0
DA:96,0
DA:97,0
DA:101,0
DA:105,0
DA:106,0
DA:108,0
DA:109,0
DA:111,0
DA:118,0
DA:120,0
DA:121,0
DA:122,0
DA:123,0
DA:124,0
DA:125,0
DA:126,0
DA:128,0
DA:129,0
DA:131,0
DA:132,0
DA:133,0
DA:135,0
DA:136,0
DA:137,0
DA:138,0
DA:140,0
DA:141,0
DA:142,0
DA:144,0
DA:145,0
DA:146,0
DA:151,0
DA:152,0
DA:153,0
DA:154,0
DA:155,0
DA:158,0
DA:159,0
DA:160,0
DA:161,0
DA:165,0
DA:166,0
DA:170,0
DA:173,0
DA:175,0
DA:176,0
DA:184,0
DA:188,0
DA:190,0
DA:191,0
DA:192,0
DA:194,0
DA:195,0
DA:196,0
DA:198,0
DA:202,0
DA:203,0
DA:206,0
DA:207,0
DA:208,0
DA:220,0
DA:221,0
DA:222,0
DA:223,0
DA:224,0
DA:226,0
DA:227,0
DA:228,0
DA:230,0
DA:234,0
DA:235,0
DA:238,0
DA:243,0
DA:245,0
DA:246,0
DA:248,0
DA:249,0
DA:250,0
DA:251,0
DA:252,0
DA:253,0
DA:254,0
DA:255,0
DA:256,0
DA:257,0
DA:258,0
DA:259,0
DA:263,0
LF:133
LH:0
BRDA:14,0,0,0
BRDA:14,0,1,0
BRDA:17,1,0,0
BRDA:21,2,0,0
BRDA:25,3,0,0
BRDA:25,3,1,0
BRDA:31,4,0,0
BRDA:35,5,0,0
BRDA:35,5,1,0
BRDA:36,6,0,0
BRDA:36,6,1,0
BRDA:41,7,0,0
BRDA:41,8,0,0
BRDA:41,8,1,0
BRDA:47,9,0,0
BRDA:47,10,0,0
BRDA:47,10,1,0
BRDA:71,11,0,0
BRDA:83,12,0,0
BRDA:96,13,0,0
BRDA:131,14,0,0
BRDA:140,15,0,0
BRDA:153,16,0,0
BRDA:165,17,0,0
BRDA:175,18,0,0
BRDA:188,19,0,0
BRDA:188,19,1,0
BRDA:190,20,0,0
BRDA:190,20,1,0
BRDA:192,21,0,0
BRDA:192,21,1,0
BRDA:195,22,0,0
BRDA:195,22,1,0
BRDA:202,23,0,0
BRDA:207,24,0,0
BRDA:207,24,1,0
BRDA:213,25,0,0
BRDA:213,25,1,0
BRDA:222,26,0,0
BRDA:222,26,1,0
BRDA:223,27,0,0
BRDA:223,27,1,0
BRDA:227,28,0,0
BRDA:227,28,1,0
BRDA:230,29,0,0
BRDA:230,29,1,0
BRDA:234,30,0,0
BRDA:248,31,0,0
BRDA:248,31,1,0
BRDA:250,32,0,0
BRDA:250,32,1,0
BRDA:252,33,0,0
BRDA:252,33,1,0
BRDA:254,34,0,0
BRDA:254,34,1,0
BRDA:254,35,0,0
BRDA:254,35,1,0
BRDA:256,36,0,0
BRDA:256,36,1,0
BRDA:258,37,0,0
BRF:60
BRH:0
end_of_record
TN:
SF:src\commands\edit\replace.ts
FN:12,(anonymous_9)
FN:16,(anonymous_10)
FN:34,(anonymous_11)
FN:71,(anonymous_12)
FN:92,(anonymous_13)
FN:131,(anonymous_14)
FN:145,(anonymous_15)
FN:152,(anonymous_16)
FN:153,(anonymous_17)
FN:172,(anonymous_18)
FN:180,(anonymous_19)
FNF:11
FNH:0
FNDA:0,(anonymous_9)
FNDA:0,(anonymous_10)
FNDA:0,(anonymous_11)
FNDA:0,(anonymous_12)
FNDA:0,(anonymous_13)
FNDA:0,(anonymous_14)
FNDA:0,(anonymous_15)
FNDA:0,(anonymous_16)
FNDA:0,(anonymous_17)
FNDA:0,(anonymous_18)
FNDA:0,(anonymous_19)
DA:1,0
DA:3,0
DA:5,0
DA:6,0
DA:7,0
DA:8,0
DA:9,0
DA:11,0
DA:13,0
DA:14,0
DA:16,0
DA:17,0
DA:18,0
DA:21,0
DA:22,0
DA:25,0
DA:26,0
DA:29,0
DA:30,0
DA:35,0
DA:36,0
DA:39,0
DA:40,0
DA:42,0
DA:49,0
DA:50,0
DA:51,0
DA:52,0
DA:54,0
DA:55,0
DA:56,0
DA:58,0
DA:59,0
DA:60,0
DA:61,0
DA:63,0
DA:64,0
DA:65,0
DA:67,0
DA:68,0
DA:69,0
DA:71,0
DA:72,0
DA:73,0
DA:76,0
DA:77,0
DA:78,0
DA:79,0
DA:81,0
DA:82,0
DA:83,0
DA:87,0
DA:88,0
DA:89,0
DA:91,0
DA:92,0
DA:93,0
DA:96,0
DA:102,0
DA:103,0
DA:110,0
DA:111,0
DA:115,0
DA:117,0
DA:132,0
DA:133,0
DA:134,0
DA:136,0
DA:137,0
DA:138,0
DA:142,0
DA:146,0
DA:147,0
DA:149,0
DA:150,0
DA:152,0
DA:153,0
DA:155,0
DA:156,0
DA:167,0
DA:168,0
DA:169,0
DA:170,0
DA:172,0
DA:173,0
DA:177,0
DA:181,0
DA:183,0
DA:184,0
DA:186,0
DA:187,0
DA:188,0
DA:189,0
DA:190,0
DA:191,0
DA:192,0
DA:193,0
DA:194,0
DA:195,0
DA:196,0
DA:197,0
DA:198,0
DA:199,0
DA:200,0
DA:201,0
DA:202,0
DA:203,0
DA:204,0
DA:205,0
DA:209,0
LF:110
LH:0
BRDA:14,0,0,0
BRDA:14,0,1,0
BRDA:17,1,0,0
BRDA:21,2,0,0
BRDA:25,3,0,0
BRDA:29,4,0,0
BRDA:29,4,1,0
BRDA:35,5,0,0
BRDA:39,6,0,0
BRDA:39,6,1,0
BRDA:49,7,0,0
BRDA:49,7,1,0
BRDA:50,8,0,0
BRDA:50,8,1,0
BRDA:51,9,0,0
BRDA:51,9,1,0
BRDA:52,10,0,0
BRDA:52,10,1,0
BRDA:67,11,0,0
BRDA:67,11,1,0
BRDA:68,12,0,0
BRDA:68,12,1,0
BRDA:76,13,0,0
BRDA:76,13,1,0
BRDA:79,14,0,0
BRDA:79,14,1,0
BRDA:87,15,0,0
BRDA:102,16,0,0
BRDA:110,17,0,0
BRDA:137,18,0,0
BRDA:147,19,0,0
BRDA:147,19,1,0
BRDA:149,20,0,0
BRDA:149,20,1,0
BRDA:150,21,0,0
BRDA:150,21,1,0
BRDA:155,22,0,0
BRDA:155,22,1,0
BRDA:168,23,0,0
BRDA:168,23,1,0
BRDA:173,24,0,0
BRDA:173,24,1,0
BRDA:186,25,0,0
BRDA:186,25,1,0
BRDA:188,26,0,0
BRDA:188,26,1,0
BRDA:190,27,0,0
BRDA:190,27,1,0
BRDA:192,28,0,0
BRDA:192,28,1,0
BRDA:194,29,0,0
BRDA:194,29,1,0
BRDA:194,30,0,0
BRDA:194,30,1,0
BRDA:196,31,0,0
BRDA:196,31,1,0
BRDA:196,32,0,0
BRDA:196,32,1,0
BRDA:198,33,0,0
BRDA:198,33,1,0
BRDA:198,34,0,0
BRDA:198,34,1,0
BRDA:200,35,0,0
BRDA:200,35,1,0
BRDA:202,36,0,0
BRDA:202,36,1,0
BRDA:204,37,0,0
BRF:67
BRH:0
end_of_record
TN:
SF:src\commands\edit\verify.ts
FN:8,(anonymous_0)
FN:12,(anonymous_1)
FN:25,(anonymous_2)
FN:39,(anonymous_3)
FN:68,(anonymous_4)
FN:126,(anonymous_5)
FN:161,(anonymous_6)
FN:175,(anonymous_7)
FNF:8
FNH:0
FNDA:0,(anonymous_0)
FNDA:0,(anonymous_1)
FNDA:0,(anonymous_2)
FNDA:0,(anonymous_3)
FNDA:0,(anonymous_4)
FNDA:0,(anonymous_5)
FNDA:0,(anonymous_6)
FNDA:0,(anonymous_7)
DA:1,0
DA:3,0
DA:4,0
DA:5,0
DA:7,0
DA:9,0
DA:10,0
DA:12,0
DA:13,0
DA:14,0
DA:17,0
DA:18,0
DA:21,0
DA:26,0
DA:27,0
DA:29,0
DA:30,0
DA:32,0
DA:33,0
DA:34,0
DA:35,0
DA:36,0
DA:38,0
DA:39,0
DA:41,0
DA:42,0
DA:43,0
DA:44,0
DA:45,0
DA:50,0
DA:52,0
DA:61,0
DA:62,0
DA:65,0
DA:69,0
DA:71,0
DA:72,0
DA:80,0
DA:81,0
DA:89,0
DA:90,0
DA:91,0
DA:99,0
DA:100,0
DA:101,0
DA:102,0
DA:103,0
DA:110,0
DA:119,0
DA:127,0
DA:129,0
DA:130,0
DA:131,0
DA:132,0
DA:134,0
DA:137,0
DA:138,0
DA:139,0
DA:141,0
DA:142,0
DA:143,0
DA:144,0
DA:145,0
DA:149,0
DA:150,0
DA:151,0
DA:152,0
DA:153,0
DA:155,0
DA:156,0
DA:157,0
DA:158,0
DA:159,0
DA:161,0
DA:162,0
DA:163,0
DA:164,0
DA:167,0
DA:168,0
DA:172,0
DA:176,0
DA:180,0
DA:181,0
DA:182,0
DA:184,0
DA:185,0
DA:186,0
DA:187,0
DA:188,0
DA:189,0
DA:190,0
DA:191,0
DA:192,0
DA:193,0
DA:194,0
DA:195,0
DA:196,0
DA:197,0
DA:198,0
DA:199,0
DA:200,0
DA:201,0
DA:205,0
LF:103
LH:0
BRDA:10,0,0,0
BRDA:10,0,1,0
BRDA:13,1,0,0
BRDA:17,2,0,0
BRDA:32,3,0,0
BRDA:32,3,1,0
BRDA:34,4,0,0
BRDA:38,5,0,0
BRDA:43,6,0,0
BRDA:61,7,0,0
BRDA:61,8,0,0
BRDA:61,8,1,0
BRDA:71,9,0,0
BRDA:75,10,0,0
BRDA:75,10,1,0
BRDA:80,11,0,0
BRDA:89,12,0,0
BRDA:99,13,0,0
BRDA:129,14,0,0
BRDA:129,14,1,0
BRDA:130,15,0,0
BRDA:130,15,1,0
BRDA:131,16,0,0
BRDA:131,16,1,0
BRDA:141,17,0,0
BRDA:141,17,1,0
BRDA:143,18,0,0
BRDA:143,18,1,0
BRDA:144,19,0,0
BRDA:149,20,0,0
BRDA:149,20,1,0
BRDA:150,21,0,0
BRDA:150,21,1,0
BRDA:151,22,0,0
BRDA:151,22,1,0
BRDA:152,23,0,0
BRDA:152,23,1,0
BRDA:184,24,0,0
BRDA:184,24,1,0
BRDA:184,25,0,0
BRDA:184,25,1,0
BRDA:187,26,0,0
BRDA:187,26,1,0
BRDA:187,27,0,0
BRDA:187,27,1,0
BRDA:190,28,0,0
BRDA:190,28,1,0
BRDA:190,29,0,0
BRDA:190,29,1,0
BRDA:193,30,0,0
BRDA:193,30,1,0
BRDA:193,31,0,0
BRDA:193,31,1,0
BRDA:196,32,0,0
BRDA:196,32,1,0
BRDA:196,33,0,0
BRDA:196,33,1,0
BRDA:199,34,0,0
BRDA:199,35,0,0
BRDA:199,35,1,0
BRF:60
BRH:0
end_of_record
TN:
SF:src\commands\flow\trace.ts
FN:15,(anonymous_9)
FN:19,(anonymous_10)
FN:30,(anonymous_11)
FN:34,(anonymous_12)
FN:55,(anonymous_13)
FN:99,(anonymous_14)
FN:100,(anonymous_15)
FN:122,(anonymous_16)
FN:150,(anonymous_17)
FNF:9
FNH:0
FNDA:0,(anonymous_9)
FNDA:0,(anonymous_10)
FNDA:0,(anonymous_11)
FNDA:0,(anonymous_12)
FNDA:0,(anonymous_13)
FNDA:0,(anonymous_14)
FNDA:0,(anonymous_15)
FNDA:0,(anonymous_16)
FNDA:0,(anonymous_17)
DA:1,0
DA:3,0
DA:4,0
DA:5,0
DA:14,0
DA:16,0
DA:20,0
DA:31,0
DA:32,0
DA:34,0
DA:35,0
DA:36,0
DA:39,0
DA:41,0
DA:42,0
DA:45,0
DA:47,0
DA:48,0
DA:51,0
DA:56,0
DA:57,0
DA:59,0
DA:60,0
DA:61,0
DA:63,0
DA:64,0
DA:67,0
DA:68,0
DA:70,0
DA:71,0
DA:77,0
DA:78,0
DA:84,0
DA:85,0
DA:96,0
DA:100,0
DA:101,0
DA:104,0
DA:111,0
DA:123,0
DA:130,0
DA:131,0
DA:132,0
DA:133,0
DA:134,0
DA:137,0
DA:139,0
DA:151,0
DA:153,0
DA:154,0
DA:155,0
DA:157,0
DA:158,0
DA:159,0
DA:160,0
DA:161,0
DA:162,0
DA:163,0
DA:164,0
DA:168,0
LF:60
LH:0
BRDA:35,0,0,0
BRDA:39,1,0,0
BRDA:39,1,1,0
BRDA:41,2,0,0
BRDA:47,3,0,0
BRDA:67,4,0,0
BRDA:70,5,0,0
BRDA:70,5,1,0
BRDA:70,6,0,0
BRDA:70,6,1,0
BRDA:77,7,0,0
BRDA:77,7,1,0
BRDA:84,8,0,0
BRDA:157,9,0,0
BRDA:157,9,1,0
BRDA:157,10,0,0
BRDA:157,10,1,0
BRDA:160,11,0,0
BRDA:160,11,1,0
BRDA:160,12,0,0
BRDA:160,12,1,0
BRDA:163,13,0,0
BRF:22
BRH:0
end_of_record
TN:
SF:src\commands\generate\model.ts
FN:24,(anonymous_9)
FN:28,(anonymous_10)
FN:39,(anonymous_11)
FN:43,(anonymous_12)
FN:78,(anonymous_13)
FN:83,(anonymous_14)
FN:105,(anonymous_15)
FN:146,(anonymous_16)
FN:161,(anonymous_17)
FN:177,(anonymous_18)
FN:200,(anonymous_19)
FNF:11
FNH:0
FNDA:0,(anonymous_9)
FNDA:0,(anonymous_10)
FNDA:0,(anonymous_11)
FNDA:0,(anonymous_12)
FNDA:0,(anonymous_13)
FNDA:0,(anonymous_14)
FNDA:0,(anonymous_15)
FNDA:0,(anonymous_16)
FNDA:0,(anonymous_17)
FNDA:0,(anonymous_18)
FNDA:0,(anonymous_19)
DA:1,0
DA:4,0
DA:5,0
DA:6,0
DA:23,0
DA:25,0
DA:29,0
DA:40,0
DA:41,0
DA:43,0
DA:44,0
DA:45,0
DA:48,0
DA:49,0
DA:50,0
DA:52,0
DA:53,0
DA:54,0
DA:57,0
DA:58,0
DA:62,0
DA:63,0
DA:64,0
DA:66,0
DA:67,0
DA:70,0
DA:71,0
DA:74,0
DA:79,0
DA:80,0
DA:83,0
DA:84,0
DA:85,0
DA:86,0
DA:89,0
DA:90,0
DA:91,0
DA:93,0
DA:94,0
DA:97,0
DA:106,0
DA:107,0
DA:109,0
DA:110,0
DA:111,0
DA:112,0
DA:114,0
DA:115,0
DA:116,0
DA:119,0
DA:120,0
DA:121,0
DA:122,0
DA:123,0
DA:125,0
DA:126,0
DA:129,0
DA:130,0
DA:131,0
DA:132,0
DA:133,0
DA:135,0
DA:136,0
DA:137,0
DA:140,0
DA:141,0
DA:143,0
DA:147,0
DA:158,0
DA:162,0
DA:163,0
DA:165,0
DA:178,0
DA:179,0
DA:181,0
DA:187,0
DA:201,0
DA:206,0
DA:207,0
DA:208,0
DA:210,0
DA:211,0
DA:212,0
DA:213,0
DA:214,0
DA:215,0
DA:216,0
DA:217,0
DA:218,0
DA:219,0
DA:220,0
DA:221,0
DA:222,0
DA:226,0
LF:94
LH:0
BRDA:44,0,0,0
BRDA:48,1,0,0
BRDA:48,1,1,0
BRDA:52,2,0,0
BRDA:53,3,0,0
BRDA:57,4,0,0
BRDA:66,5,0,0
BRDA:70,6,0,0
BRDA:79,7,0,0
BRDA:85,8,0,0
BRDA:93,9,0,0
BRDA:99,10,0,0
BRDA:99,10,1,0
BRDA:115,11,0,0
BRDA:115,11,1,0
BRDA:126,12,0,0
BRDA:126,12,1,0
BRDA:158,13,0,0
BRDA:158,13,1,0
BRDA:162,14,0,0
BRDA:162,14,1,0
BRDA:178,15,0,0
BRDA:178,15,1,0
BRDA:210,16,0,0
BRDA:210,16,1,0
BRDA:210,17,0,0
BRDA:210,17,1,0
BRDA:213,18,0,0
BRDA:213,18,1,0
BRDA:213,19,0,0
BRDA:213,19,1,0
BRDA:216,20,0,0
BRDA:216,20,1,0
BRDA:218,21,0,0
BRDA:218,21,1,0
BRDA:218,22,0,0
BRDA:218,22,1,0
BRDA:221,23,0,0
BRF:38
BRH:0
end_of_record
TN:
SF:src\commands\generate\service.ts
FN:21,(anonymous_9)
FN:25,(anonymous_10)
FN:37,(anonymous_11)
FN:41,(anonymous_12)
FN:75,(anonymous_13)
FN:146,(anonymous_14)
FN:162,(anonymous_15)
FN:184,(anonymous_16)
FNF:8
FNH:0
FNDA:0,(anonymous_9)
FNDA:0,(anonymous_10)
FNDA:0,(anonymous_11)
FNDA:0,(anonymous_12)
FNDA:0,(anonymous_13)
FNDA:0,(anonymous_14)
FNDA:0,(anonymous_15)
FNDA:0,(anonymous_16)
DA:1,0
DA:4,0
DA:5,0
DA:6,0
DA:20,0
DA:22,0
DA:26,0
DA:38,0
DA:39,0
DA:41,0
DA:42,0
DA:43,0
DA:46,0
DA:47,0
DA:48,0
DA:50,0
DA:51,0
DA:52,0
DA:55,0
DA:56,0
DA:60,0
DA:61,0
DA:63,0
DA:64,0
DA:67,0
DA:68,0
DA:71,0
DA:76,0
DA:77,0
DA:78,0
DA:80,0
DA:147,0
DA:148,0
DA:150,0
DA:163,0
DA:164,0
DA:166,0
DA:172,0
DA:185,0
DA:190,0
DA:191,0
DA:192,0
DA:194,0
DA:195,0
DA:196,0
DA:197,0
DA:198,0
DA:199,0
DA:200,0
DA:201,0
DA:202,0
DA:203,0
DA:204,0
DA:205,0
DA:206,0
DA:207,0
DA:208,0
DA:209,0
DA:210,0
DA:211,0
DA:212,0
DA:213,0
DA:214,0
DA:218,0
LF:64
LH:0
BRDA:42,0,0,0
BRDA:46,1,0,0
BRDA:46,1,1,0
BRDA:50,2,0,0
BRDA:51,3,0,0
BRDA:55,4,0,0
BRDA:55,5,0,0
BRDA:55,5,1,0
BRDA:63,6,0,0
BRDA:67,7,0,0
BRDA:77,8,0,0
BRDA:77,8,1,0
BRDA:78,9,0,0
BRDA:78,9,1,0
BRDA:147,10,0,0
BRDA:147,10,1,0
BRDA:163,11,0,0
BRDA:163,11,1,0
BRDA:194,12,0,0
BRDA:194,12,1,0
BRDA:194,13,0,0
BRDA:194,13,1,0
BRDA:197,14,0,0
BRDA:197,14,1,0
BRDA:197,15,0,0
BRDA:197,15,1,0
BRDA:200,16,0,0
BRDA:200,16,1,0
BRDA:200,17,0,0
BRDA:200,17,1,0
BRDA:203,18,0,0
BRDA:203,18,1,0
BRDA:203,19,0,0
BRDA:203,19,1,0
BRDA:206,20,0,0
BRDA:206,20,1,0
BRDA:208,21,0,0
BRDA:208,21,1,0
BRDA:210,22,0,0
BRDA:210,22,1,0
BRDA:210,23,0,0
BRDA:210,23,1,0
BRDA:213,24,0,0
BRF:43
BRH:0
end_of_record
TN:
SF:src\commands\generate\test.ts
FN:17,(anonymous_9)
FN:21,(anonymous_10)
FN:32,(anonymous_11)
FN:36,(anonymous_12)
FN:70,(anonymous_13)
FN:165,(anonymous_14)
FN:181,(anonymous_15)
FN:203,(anonymous_16)
FNF:8
FNH:0
FNDA:0,(anonymous_9)
FNDA:0,(anonymous_10)
FNDA:0,(anonymous_11)
FNDA:0,(anonymous_12)
FNDA:0,(anonymous_13)
FNDA:0,(anonymous_14)
FNDA:0,(anonymous_15)
FNDA:0,(anonymous_16)
DA:1,0
DA:4,0
DA:5,0
DA:6,0
DA:16,0
DA:18,0
DA:22,0
DA:33,0
DA:34,0
DA:36,0
DA:37,0
DA:38,0
DA:41,0
DA:42,0
DA:43,0
DA:45,0
DA:46,0
DA:47,0
DA:50,0
DA:51,0
DA:55,0
DA:56,0
DA:58,0
DA:59,0
DA:62,0
DA:63,0
DA:66,0
DA:71,0
DA:72,0
DA:74,0
DA:166,0
DA:167,0
DA:169,0
DA:182,0
DA:183,0
DA:185,0
DA:191,0
DA:204,0
DA:209,0
DA:210,0
DA:211,0
DA:213,0
DA:214,0
DA:215,0
DA:216,0
DA:217,0
DA:218,0
DA:219,0
DA:220,0
DA:221,0
DA:222,0
DA:226,0
LF:52
LH:0
BRDA:37,0,0,0
BRDA:41,1,0,0
BRDA:41,1,1,0
BRDA:45,2,0,0
BRDA:46,3,0,0
BRDA:50,4,0,0
BRDA:58,5,0,0
BRDA:62,6,0,0
BRDA:166,7,0,0
BRDA:166,7,1,0
BRDA:182,8,0,0
BRDA:182,8,1,0
BRDA:213,9,0,0
BRDA:213,9,1,0
BRDA:213,10,0,0
BRDA:213,10,1,0
BRDA:216,11,0,0
BRDA:216,11,1,0
BRDA:218,12,0,0
BRDA:218,12,1,0
BRDA:218,13,0,0
BRDA:218,13,1,0
BRDA:221,14,0,0
BRF:23
BRH:0
end_of_record
TN:
SF:src\commands\git\add.ts
FN:10,(anonymous_0)
FN:14,(anonymous_1)
FN:18,(anonymous_2)
FN:41,(anonymous_3)
FN:71,(anonymous_4)
FN:86,(anonymous_5)
FN:92,(anonymous_6)
FNF:7
FNH:0
FNDA:0,(anonymous_0)
FNDA:0,(anonymous_1)
FNDA:0,(anonymous_2)
FNDA:0,(anonymous_3)
FNDA:0,(anonymous_4)
FNDA:0,(anonymous_5)
FNDA:0,(anonymous_6)
DA:1,0
DA:3,0
DA:4,0
DA:5,0
DA:6,0
DA:7,0
DA:9,0
DA:11,0
DA:15,0
DA:16,0
DA:18,0
DA:19,0
DA:21,0
DA:22,0
DA:25,0
DA:26,0
DA:27,0
DA:30,0
DA:31,0
DA:33,0
DA:34,0
DA:37,0
DA:42,0
DA:43,0
DA:44,0
DA:46,0
DA:47,0
DA:48,0
DA:50,0
DA:59,0
DA:60,0
DA:61,0
DA:72,0
DA:73,0
DA:75,0
DA:76,0
DA:77,0
DA:78,0
DA:79,0
DA:81,0
DA:82,0
DA:83,0
DA:84,0
DA:85,0
DA:86,0
DA:88,0
DA:93,0
DA:95,0
DA:96,0
DA:97,0
DA:98,0
DA:99,0
DA:100,0
DA:101,0
DA:102,0
DA:103,0
DA:104,0
DA:108,0
LF:58
LH:0
BRDA:16,0,0,0
BRDA:16,0,1,0
BRDA:19,1,0,0
BRDA:19,1,1,0
BRDA:21,2,0,0
BRDA:26,3,0,0
BRDA:33,4,0,0
BRDA:33,5,0,0
BRDA:33,5,1,0
BRDA:33,5,2,0
BRDA:43,6,0,0
BRDA:43,6,1,0
BRDA:47,7,0,0
BRDA:47,7,1,0
BRDA:55,8,0,0
BRDA:55,8,1,0
BRDA:59,9,0,0
BRDA:59,9,1,0
BRDA:59,9,2,0
BRDA:72,10,0,0
BRDA:72,10,1,0
BRDA:73,11,0,0
BRDA:73,11,1,0
BRDA:75,12,0,0
BRDA:75,12,1,0
BRDA:76,13,0,0
BRDA:78,14,0,0
BRDA:78,14,1,0
BRDA:84,15,0,0
BRDA:97,16,0,0
BRDA:97,16,1,0
BRDA:99,17,0,0
BRDA:99,17,1,0
BRDA:101,18,0,0
BRDA:101,18,1,0
BRDA:101,19,0,0
BRDA:101,19,1,0
BRDA:101,19,2,0
BRDA:103,20,0,0
BRF:39
BRH:0
end_of_record
TN:
SF:src\commands\git\blame.ts
FN:10,(anonymous_0)
FN:14,(anonymous_1)
FN:18,(anonymous_2)
FN:43,(anonymous_3)
FN:49,(anonymous_4)
FN:69,(anonymous_5)
FN:74,(anonymous_6)
FN:93,(anonymous_7)
FN:103,(anonymous_8)
FNF:9
FNH:0
FNDA:0,(anonymous_0)
FNDA:0,(anonymous_1)
FNDA:0,(anonymous_2)
FNDA:0,(anonymous_3)
FNDA:0,(anonymous_4)
FNDA:0,(anonymous_5)
FNDA:0,(anonymous_6)
FNDA:0,(anonymous_7)
FNDA:0,(anonymous_8)
DA:1,0
DA:3,0
DA:4,0
DA:5,0
DA:6,0
DA:9,0
DA:11,0
DA:15,0
DA:16,0
DA:18,0
DA:19,0
DA:20,0
DA:23,0
DA:25,0
DA:26,0
DA:29,0
DA:30,0
DA:31,0
DA:34,0
DA:35,0
DA:36,0
DA:39,0
DA:44,0
DA:45,0
DA:46,0
DA:48,0
DA:49,0
DA:50,0
DA:59,0
DA:60,0
DA:70,0
DA:72,0
DA:73,0
DA:74,0
DA:75,0
DA:77,0
DA:78,0
DA:80,0
DA:81,0
DA:82,0
DA:89,0
DA:90,0
DA:91,0
DA:92,0
DA:93,0
DA:94,0
DA:96,0
DA:97,0
DA:99,0
DA:104,0
DA:106,0
DA:107,0
DA:108,0
DA:109,0
DA:110,0
DA:111,0
DA:112,0
DA:113,0
DA:114,0
DA:115,0
DA:117,0
DA:122,0
LF:62
LH:0
BRDA:16,0,0,0
BRDA:16,0,1,0
BRDA:19,1,0,0
BRDA:23,2,0,0
BRDA:23,2,1,0
BRDA:25,3,0,0
BRDA:30,4,0,0
BRDA:35,5,0,0
BRDA:46,6,0,0
BRDA:46,6,1,0
BRDA:70,7,0,0
BRDA:70,7,1,0
BRDA:72,8,0,0
BRDA:72,8,1,0
BRDA:77,9,0,0
BRDA:81,10,0,0
BRDA:81,10,1,0
BRDA:96,11,0,0
BRDA:108,12,0,0
BRDA:110,13,0,0
BRDA:110,13,1,0
BRDA:112,14,0,0
BRDA:112,14,1,0
BRDA:114,15,0,0
BRDA:114,15,1,0
BRF:25
BRH:0
end_of_record
TN:
SF:src\commands\git\branch.ts
FN:9,(anonymous_0)
FN:13,(anonymous_1)
FN:17,(anonymous_2)
FN:46,(anonymous_3)
FN:64,(anonymous_4)
FN:84,(anonymous_5)
FN:104,(anonymous_6)
FN:123,(anonymous_7)
FN:128,(anonymous_8)
FN:146,(anonymous_9)
FN:155,(anonymous_10)
FN:177,(anonymous_11)
FN:199,(anonymous_12)
FN:219,(anonymous_13)
FNF:14
FNH:0
FNDA:0,(anonymous_0)
FNDA:0,(anonymous_1)
FNDA:0,(anonymous_2)
FNDA:0,(anonymous_3)
FNDA:0,(anonymous_4)
FNDA:0,(anonymous_5)
FNDA:0,(anonymous_6)
FNDA:0,(anonymous_7)
FNDA:0,(anonymous_8)
FNDA:0,(anonymous_9)
FNDA:0,(anonymous_10)
FNDA:0,(anonymous_11)
FNDA:0,(anonymous_12)
FNDA:0,(anonymous_13)
DA:1,0
DA:3,0
DA:4,0
DA:5,0
DA:6,0
DA:8,0
DA:10,0
DA:14,0
DA:15,0
DA:17,0
DA:18,0
DA:20,0
DA:21,0
DA:24,0
DA:25,0
DA:26,0
DA:29,0
DA:31,0
DA:33,0
DA:35,0
DA:37,0
DA:39,0
DA:41,0
DA:47,0
DA:48,0
DA:49,0
DA:51,0
DA:53,0
DA:65,0
DA:66,0
DA:69,0
DA:71,0
DA:73,0
DA:85,0
DA:86,0
DA:89,0
DA:91,0
DA:93,0
DA:105,0
DA:106,0
DA:109,0
DA:111,0
DA:113,0
DA:124,0
DA:126,0
DA:127,0
DA:128,0
DA:129,0
DA:130,0
DA:132,0
DA:133,0
DA:134,0
DA:141,0
DA:142,0
DA:143,0
DA:144,0
DA:146,0
DA:147,0
DA:148,0
DA:151,0
DA:156,0
DA:158,0
DA:159,0
DA:160,0
DA:161,0
DA:169,0
DA:170,0
DA:171,0
DA:172,0
DA:173,0
DA:178,0
DA:180,0
DA:181,0
DA:182,0
DA:183,0
DA:191,0
DA:192,0
DA:193,0
DA:194,0
DA:195,0
DA:200,0
DA:202,0
DA:203,0
DA:204,0
DA:205,0
DA:212,0
DA:213,0
DA:214,0
DA:215,0
DA:220,0
DA:222,0
DA:223,0
DA:224,0
DA:225,0
DA:226,0
DA:227,0
DA:228,0
DA:229,0
DA:230,0
DA:231,0
DA:232,0
DA:233,0
DA:234,0
DA:235,0
DA:236,0
DA:237,0
DA:238,0
DA:239,0
DA:240,0
DA:241,0
DA:245,0
LF:111
LH:0
BRDA:15,0,0,0
BRDA:15,0,1,0
BRDA:18,1,0,0
BRDA:18,1,1,0
BRDA:20,2,0,0
BRDA:25,3,0,0
BRDA:29,4,0,0
BRDA:29,4,1,0
BRDA:31,5,0,0
BRDA:31,5,1,0
BRDA:31,5,2,0
BRDA:31,5,3,0
BRDA:31,5,4,0
BRDA:47,6,0,0
BRDA:47,6,1,0
BRDA:49,7,0,0
BRDA:49,7,1,0
BRDA:65,8,0,0
BRDA:79,9,0,0
BRDA:79,9,1,0
BRDA:85,10,0,0
BRDA:105,11,0,0
BRDA:124,12,0,0
BRDA:124,12,1,0
BRDA:126,13,0,0
BRDA:126,13,1,0
BRDA:129,14,0,0
BRDA:129,14,1,0
BRDA:133,15,0,0
BRDA:133,15,1,0
BRDA:147,16,0,0
BRDA:147,16,1,0
BRDA:156,17,0,0
BRDA:156,17,1,0
BRDA:158,18,0,0
BRDA:158,18,1,0
BRDA:159,19,0,0
BRDA:159,19,1,0
BRDA:160,20,0,0
BRDA:160,20,1,0
BRDA:166,21,0,0
BRDA:166,21,1,0
BRDA:172,22,0,0
BRDA:172,22,1,0
BRDA:178,23,0,0
BRDA:178,23,1,0
BRDA:180,24,0,0
BRDA:180,24,1,0
BRDA:181,25,0,0
BRDA:181,25,1,0
BRDA:182,26,0,0
BRDA:182,26,1,0
BRDA:194,27,0,0
BRDA:200,28,0,0
BRDA:200,28,1,0
BRDA:202,29,0,0
BRDA:202,29,1,0
BRDA:204,30,0,0
BRDA:204,30,1,0
BRDA:224,31,0,0
BRDA:224,31,1,0
BRDA:226,32,0,0
BRDA:226,32,1,0
BRDA:228,33,0,0
BRDA:228,33,1,0
BRDA:230,34,0,0
BRDA:230,34,1,0
BRDA:232,35,0,0
BRDA:232,35,1,0
BRDA:234,36,0,0
BRDA:234,36,1,0
BRDA:236,37,0,0
BRDA:236,37,1,0
BRDA:238,38,0,0
BRDA:238,38,1,0
BRDA:240,39,0,0
BRF:76
BRH:0
end_of_record
TN:
SF:src\commands\git\cherry-pick.ts
FN:8,(anonymous_0)
FN:12,(anonymous_1)
FN:16,(anonymous_2)
FN:36,(anonymous_3)
FN:56,(anonymous_4)
FN:85,(anonymous_5)
FN:94,(anonymous_6)
FN:120,(anonymous_7)
FN:131,(anonymous_8)
FN:160,(anonymous_9)
FN:167,(anonymous_10)
FN:190,(anonymous_11)
FN:199,(anonymous_12)
FNF:13
FNH:0
FNDA:0,(anonymous_0)
FNDA:0,(anonymous_1)
FNDA:0,(anonymous_2)
FNDA:0,(anonymous_3)
FNDA:0,(anonymous_4)
FNDA:0,(anonymous_5)
FNDA:0,(anonymous_6)
FNDA:0,(anonymous_7)
FNDA:0,(anonymous_8)
FNDA:0,(anonymous_9)
FNDA:0,(anonymous_10)
FNDA:0,(anonymous_11)
FNDA:0,(anonymous_12)
DA:1,0
DA:3,0
DA:4,0
DA:5,0
DA:7,0
DA:9,0
DA:13,0
DA:14,0
DA:16,0
DA:17,0
DA:18,0
DA:20,0
DA:21,0
DA:24,0
DA:25,0
DA:28,0
DA:29,0
DA:32,0
DA:37,0
DA:39,0
DA:40,0
DA:43,0
DA:44,0
DA:57,0
DA:59,0
DA:60,0
DA:61,0
DA:62,0
DA:71,0
DA:74,0
DA:75,0
DA:86,0
DA:88,0
DA:89,0
DA:90,0
DA:91,0
DA:92,0
DA:93,0
DA:94,0
DA:95,0
DA:98,0
DA:100,0
DA:101,0
DA:102,0
DA:111,0
DA:112,0
DA:113,0
DA:114,0
DA:115,0
DA:116,0
DA:118,0
DA:119,0
DA:120,0
DA:121,0
DA:124,0
DA:127,0
DA:132,0
DA:134,0
DA:135,0
DA:136,0
DA:137,0
DA:138,0
DA:140,0
DA:141,0
DA:142,0
DA:149,0
DA:150,0
DA:151,0
DA:152,0
DA:153,0
DA:154,0
DA:156,0
DA:161,0
DA:163,0
DA:164,0
DA:165,0
DA:166,0
DA:167,0
DA:168,0
DA:170,0
DA:171,0
DA:173,0
DA:174,0
DA:175,0
DA:176,0
DA:184,0
DA:185,0
DA:186,0
DA:187,0
DA:188,0
DA:189,0
DA:190,0
DA:191,0
DA:193,0
DA:194,0
DA:195,0
DA:200,0
DA:201,0
DA:203,0
DA:204,0
DA:205,0
DA:206,0
DA:207,0
DA:208,0
DA:209,0
DA:210,0
DA:211,0
DA:212,0
DA:214,0
DA:217,0
DA:221,0
DA:222,0
LF:112
LH:0
BRDA:14,0,0,0
BRDA:14,0,1,0
BRDA:18,1,0,0
BRDA:18,1,1,0
BRDA:20,2,0,0
BRDA:24,3,0,0
BRDA:28,4,0,0
BRDA:39,5,0,0
BRDA:40,6,0,0
BRDA:40,6,1,0
BRDA:59,7,0,0
BRDA:60,8,0,0
BRDA:60,9,0,0
BRDA:60,9,1,0
BRDA:71,10,0,0
BRDA:71,10,1,0
BRDA:86,11,0,0
BRDA:86,11,1,0
BRDA:88,12,0,0
BRDA:88,12,1,0
BRDA:91,13,0,0
BRDA:91,13,1,0
BRDA:92,14,0,0
BRDA:92,14,1,0
BRDA:92,15,0,0
BRDA:92,15,1,0
BRDA:101,16,0,0
BRDA:101,16,1,0
BRDA:115,17,0,0
BRDA:115,17,1,0
BRDA:118,18,0,0
BRDA:118,18,1,0
BRDA:118,19,0,0
BRDA:118,19,1,0
BRDA:132,20,0,0
BRDA:132,20,1,0
BRDA:134,21,0,0
BRDA:134,21,1,0
BRDA:137,22,0,0
BRDA:141,23,0,0
BRDA:141,23,1,0
BRDA:153,24,0,0
BRDA:161,25,0,0
BRDA:161,25,1,0
BRDA:163,26,0,0
BRDA:163,26,1,0
BRDA:170,27,0,0
BRDA:175,28,0,0
BRDA:175,28,1,0
BRDA:205,29,0,0
BRDA:205,29,1,0
BRDA:207,30,0,0
BRDA:207,30,1,0
BRDA:209,31,0,0
BRDA:209,31,1,0
BRDA:211,32,0,0
BRDA:211,32,1,0
BRF:57
BRH:0
end_of_record
TN:
SF:src\commands\git\commit.ts
FN:9,(anonymous_0)
FN:13,(anonymous_1)
FN:17,(anonymous_2)
FN:37,(anonymous_3)
FN:57,(anonymous_4)
FN:82,(anonymous_5)
FNF:6
FNH:0
FNDA:0,(anonymous_0)
FNDA:0,(anonymous_1)
FNDA:0,(anonymous_2)
FNDA:0,(anonymous_3)
FNDA:0,(anonymous_4)
FNDA:0,(anonymous_5)
DA:1,0
DA:3,0
DA:4,0
DA:5,0
DA:6,0
DA:8,0
DA:10,0
DA:14,0
DA:15,0
DA:17,0
DA:18,0
DA:20,0
DA:21,0
DA:24,0
DA:25,0
DA:26,0
DA:29,0
DA:30,0
DA:33,0
DA:38,0
DA:39,0
DA:40,0
DA:41,0
DA:43,0
DA:45,0
DA:58,0
DA:60,0
DA:61,0
DA:62,0
DA:63,0
DA:72,0
DA:73,0
DA:74,0
DA:75,0
DA:76,0
DA:77,0
DA:78,0
DA:83,0
DA:85,0
DA:86,0
DA:87,0
DA:88,0
DA:89,0
DA:90,0
DA:91,0
DA:92,0
DA:93,0
DA:94,0
DA:98,0
LF:49
LH:0
BRDA:15,0,0,0
BRDA:15,0,1,0
BRDA:18,1,0,0
BRDA:18,1,1,0
BRDA:20,2,0,0
BRDA:25,3,0,0
BRDA:29,4,0,0
BRDA:38,5,0,0
BRDA:38,5,1,0
BRDA:40,6,0,0
BRDA:40,6,1,0
BRDA:41,7,0,0
BRDA:41,7,1,0
BRDA:58,8,0,0
BRDA:58,8,1,0
BRDA:60,9,0,0
BRDA:60,9,1,0
BRDA:61,10,0,0
BRDA:61,10,1,0
BRDA:62,11,0,0
BRDA:62,11,1,0
BRDA:75,12,0,0
BRDA:77,13,0,0
BRDA:87,14,0,0
BRDA:87,14,1,0
BRDA:89,15,0,0
BRDA:89,15,1,0
BRDA:91,16,0,0
BRDA:91,16,1,0
BRDA:91,17,0,0
BRDA:91,17,1,0
BRDA:93,18,0,0
BRF:32
BRH:0
end_of_record
TN:
SF:src\commands\git\diff.ts
FN:9,(anonymous_0)
FN:13,(anonymous_1)
FN:17,(anonymous_2)
FN:33,(anonymous_3)
FN:43,(anonymous_4)
FN:92,(anonymous_5)
FN:97,(anonymous_6)
FN:121,(anonymous_7)
FN:129,(anonymous_8)
FNF:9
FNH:0
FNDA:0,(anonymous_0)
FNDA:0,(anonymous_1)
FNDA:0,(anonymous_2)
FNDA:0,(anonymous_3)
FNDA:0,(anonymous_4)
FNDA:0,(anonymous_5)
FNDA:0,(anonymous_6)
FNDA:0,(anonymous_7)
FNDA:0,(anonymous_8)
DA:1,0
DA:3,0
DA:4,0
DA:5,0
DA:6,0
DA:8,0
DA:10,0
DA:14,0
DA:15,0
DA:17,0
DA:18,0
DA:20,0
DA:21,0
DA:24,0
DA:25,0
DA:26,0
DA:29,0
DA:34,0
DA:35,0
DA:37,0
DA:38,0
DA:39,0
DA:40,0
DA:42,0
DA:43,0
DA:44,0
DA:45,0
DA:46,0
DA:48,0
DA:49,0
DA:50,0
DA:57,0
DA:58,0
DA:59,0
DA:61,0
DA:62,0
DA:63,0
DA:64,0
DA:66,0
DA:67,0
DA:68,0
DA:69,0
DA:74,0
DA:75,0
DA:78,0
DA:80,0
DA:93,0
DA:95,0
DA:96,0
DA:97,0
DA:98,0
DA:99,0
DA:101,0
DA:102,0
DA:103,0
DA:104,0
DA:105,0
DA:116,0
DA:117,0
DA:118,0
DA:119,0
DA:121,0
DA:122,0
DA:125,0
DA:130,0
DA:132,0
DA:133,0
DA:134,0
DA:135,0
DA:136,0
DA:137,0
DA:138,0
DA:139,0
DA:140,0
DA:141,0
DA:142,0
DA:143,0
DA:147,0
LF:78
LH:0
BRDA:15,0,0,0
BRDA:15,0,1,0
BRDA:18,1,0,0
BRDA:18,1,1,0
BRDA:20,2,0,0
BRDA:25,3,0,0
BRDA:34,4,0,0
BRDA:34,4,1,0
BRDA:35,5,0,0
BRDA:35,5,1,0
BRDA:44,6,0,0
BRDA:44,6,1,0
BRDA:45,7,0,0
BRDA:57,8,0,0
BRDA:57,8,1,0
BRDA:58,9,0,0
BRDA:61,10,0,0
BRDA:61,10,1,0
BRDA:61,11,0,0
BRDA:61,11,1,0
BRDA:62,12,0,0
BRDA:66,13,0,0
BRDA:66,14,0,0
BRDA:66,14,1,0
BRDA:67,15,0,0
BRDA:74,16,0,0
BRDA:78,17,0,0
BRDA:78,17,1,0
BRDA:93,18,0,0
BRDA:93,18,1,0
BRDA:95,19,0,0
BRDA:95,19,1,0
BRDA:98,20,0,0
BRDA:98,20,1,0
BRDA:98,21,0,0
BRDA:98,21,1,0
BRDA:98,22,0,0
BRDA:98,22,1,0
BRDA:104,23,0,0
BRDA:104,23,1,0
BRDA:134,24,0,0
BRDA:134,24,1,0
BRDA:136,25,0,0
BRDA:136,25,1,0
BRDA:138,26,0,0
BRDA:138,26,1,0
BRDA:140,27,0,0
BRDA:140,27,1,0
BRDA:142,28,0,0
BRF:49
BRH:0
end_of_record
TN:
SF:src\commands\git\log.ts
FN:9,(anonymous_0)
FN:13,(anonymous_1)
FN:17,(anonymous_2)
FN:33,(anonymous_3)
FN:38,(anonymous_4)
FN:66,(anonymous_5)
FN:71,(anonymous_6)
FN:95,(anonymous_7)
FN:110,(anonymous_8)
FNF:9
FNH:0
FNDA:0,(anonymous_0)
FNDA:0,(anonymous_1)
FNDA:0,(anonymous_2)
FNDA:0,(anonymous_3)
FNDA:0,(anonymous_4)
FNDA:0,(anonymous_5)
FNDA:0,(anonymous_6)
FNDA:0,(anonymous_7)
FNDA:0,(anonymous_8)
DA:1,0
DA:3,0
DA:4,0
DA:5,0
DA:6,0
DA:8,0
DA:10,0
DA:14,0
DA:15,0
DA:17,0
DA:18,0
DA:20,0
DA:21,0
DA:24,0
DA:25,0
DA:26,0
DA:29,0
DA:34,0
DA:35,0
DA:37,0
DA:38,0
DA:39,0
DA:40,0
DA:54,0
DA:56,0
DA:67,0
DA:69,0
DA:70,0
DA:71,0
DA:73,0
DA:76,0
DA:77,0
DA:79,0
DA:80,0
DA:81,0
DA:82,0
DA:83,0
DA:90,0
DA:91,0
DA:92,0
DA:93,0
DA:95,0
DA:97,0
DA:100,0
DA:101,0
DA:102,0
DA:103,0
DA:106,0
DA:111,0
DA:113,0
DA:114,0
DA:115,0
DA:116,0
DA:117,0
DA:118,0
DA:119,0
DA:120,0
DA:121,0
DA:122,0
DA:123,0
DA:124,0
DA:125,0
DA:126,0
DA:130,0
LF:64
LH:0
BRDA:15,0,0,0
BRDA:15,0,1,0
BRDA:18,1,0,0
BRDA:18,1,1,0
BRDA:20,2,0,0
BRDA:25,3,0,0
BRDA:34,4,0,0
BRDA:34,4,1,0
BRDA:34,4,2,0
BRDA:39,5,0,0
BRDA:39,6,0,0
BRDA:39,6,1,0
BRDA:67,7,0,0
BRDA:67,7,1,0
BRDA:69,8,0,0
BRDA:69,8,1,0
BRDA:73,9,0,0
BRDA:73,9,1,0
BRDA:82,10,0,0
BRDA:82,10,1,0
BRDA:92,11,0,0
BRDA:92,11,1,0
BRDA:97,12,0,0
BRDA:97,12,1,0
BRDA:115,13,0,0
BRDA:115,13,1,0
BRDA:117,14,0,0
BRDA:117,14,1,0
BRDA:119,15,0,0
BRDA:119,15,1,0
BRDA:119,16,0,0
BRDA:119,16,1,0
BRDA:121,17,0,0
BRDA:121,17,1,0
BRDA:123,18,0,0
BRDA:123,18,1,0
BRDA:125,19,0,0
BRF:37
BRH:0
end_of_record
TN:
SF:src\commands\git\merge.ts
FN:8,(anonymous_0)
FN:12,(anonymous_1)
FN:16,(anonymous_2)
FN:36,(anonymous_3)
FN:55,(anonymous_4)
FN:88,(anonymous_5)
FN:97,(anonymous_6)
FN:123,(anonymous_7)
FN:134,(anonymous_8)
FN:166,(anonymous_9)
FN:173,(anonymous_10)
FN:196,(anonymous_11)
FN:205,(anonymous_12)
FNF:13
FNH:0
FNDA:0,(anonymous_0)
FNDA:0,(anonymous_1)
FNDA:0,(anonymous_2)
FNDA:0,(anonymous_3)
FNDA:0,(anonymous_4)
FNDA:0,(anonymous_5)
FNDA:0,(anonymous_6)
FNDA:0,(anonymous_7)
FNDA:0,(anonymous_8)
FNDA:0,(anonymous_9)
FNDA:0,(anonymous_10)
FNDA:0,(anonymous_11)
FNDA:0,(anonymous_12)
DA:1,0
DA:3,0
DA:4,0
DA:5,0
DA:7,0
DA:9,0
DA:13,0
DA:14,0
DA:16,0
DA:17,0
DA:18,0
DA:20,0
DA:21,0
DA:24,0
DA:25,0
DA:28,0
DA:29,0
DA:32,0
DA:37,0
DA:39,0
DA:40,0
DA:43,0
DA:44,0
DA:56,0
DA:57,0
DA:59,0
DA:60,0
DA:61,0
DA:62,0
DA:71,0
DA:74,0
DA:75,0
DA:89,0
DA:91,0
DA:92,0
DA:93,0
DA:94,0
DA:95,0
DA:96,0
DA:97,0
DA:98,0
DA:101,0
DA:103,0
DA:104,0
DA:105,0
DA:114,0
DA:115,0
DA:116,0
DA:117,0
DA:118,0
DA:119,0
DA:121,0
DA:122,0
DA:123,0
DA:124,0
DA:127,0
DA:130,0
DA:135,0
DA:137,0
DA:138,0
DA:139,0
DA:140,0
DA:141,0
DA:142,0
DA:152,0
DA:153,0
DA:154,0
DA:155,0
DA:156,0
DA:157,0
DA:159,0
DA:160,0
DA:161,0
DA:162,0
DA:167,0
DA:169,0
DA:170,0
DA:171,0
DA:172,0
DA:173,0
DA:174,0
DA:176,0
DA:177,0
DA:179,0
DA:180,0
DA:181,0
DA:182,0
DA:190,0
DA:191,0
DA:192,0
DA:193,0
DA:194,0
DA:195,0
DA:196,0
DA:197,0
DA:199,0
DA:200,0
DA:201,0
DA:206,0
DA:207,0
DA:209,0
DA:210,0
DA:211,0
DA:212,0
DA:213,0
DA:214,0
DA:215,0
DA:216,0
DA:217,0
DA:218,0
DA:219,0
DA:220,0
DA:221,0
DA:222,0
DA:224,0
DA:226,0
DA:227,0
DA:229,0
DA:233,0
DA:234,0
LF:120
LH:0
BRDA:14,0,0,0
BRDA:14,0,1,0
BRDA:18,1,0,0
BRDA:18,1,1,0
BRDA:20,2,0,0
BRDA:24,3,0,0
BRDA:28,4,0,0
BRDA:39,5,0,0
BRDA:40,6,0,0
BRDA:40,6,1,0
BRDA:56,7,0,0
BRDA:56,7,1,0
BRDA:56,8,0,0
BRDA:56,8,1,0
BRDA:59,9,0,0
BRDA:60,10,0,0
BRDA:60,11,0,0
BRDA:60,11,1,0
BRDA:71,12,0,0
BRDA:71,12,1,0
BRDA:89,13,0,0
BRDA:89,13,1,0
BRDA:91,14,0,0
BRDA:91,14,1,0
BRDA:94,15,0,0
BRDA:94,15,1,0
BRDA:95,16,0,0
BRDA:95,16,1,0
BRDA:95,17,0,0
BRDA:95,17,1,0
BRDA:104,18,0,0
BRDA:104,18,1,0
BRDA:118,19,0,0
BRDA:118,19,1,0
BRDA:121,20,0,0
BRDA:121,20,1,0
BRDA:121,21,0,0
BRDA:121,21,1,0
BRDA:135,22,0,0
BRDA:135,22,1,0
BRDA:137,23,0,0
BRDA:137,23,1,0
BRDA:139,24,0,0
BRDA:139,24,1,0
BRDA:139,25,0,0
BRDA:139,25,1,0
BRDA:139,26,0,0
BRDA:139,26,1,0
BRDA:141,27,0,0
BRDA:141,27,1,0
BRDA:156,28,0,0
BRDA:159,29,0,0
BRDA:159,29,1,0
BRDA:160,30,0,0
BRDA:160,30,1,0
BRDA:161,31,0,0
BRDA:161,31,1,0
BRDA:167,32,0,0
BRDA:167,32,1,0
BRDA:169,33,0,0
BRDA:169,33,1,0
BRDA:176,34,0,0
BRDA:181,35,0,0
BRDA:181,35,1,0
BRDA:211,36,0,0
BRDA:211,36,1,0
BRDA:213,37,0,0
BRDA:213,37,1,0
BRDA:215,38,0,0
BRDA:215,38,1,0
BRDA:217,39,0,0
BRDA:217,39,1,0
BRDA:219,40,0,0
BRDA:219,40,1,0
BRDA:221,41,0,0
BRDA:221,41,1,0
BRDA:226,42,0,0
BRDA:226,42,1,0
BRF:78
BRH:0
end_of_record
TN:
SF:src\commands\git\pull.ts
FN:10,(anonymous_0)
FN:14,(anonymous_1)
FN:18,(anonymous_2)
FN:34,(anonymous_3)
FN:72,(anonymous_4)
FN:87,(anonymous_5)
FN:104,(anonymous_6)
FN:110,(anonymous_7)
FNF:8
FNH:0
FNDA:0,(anonymous_0)
FNDA:0,(anonymous_1)
FNDA:0,(anonymous_2)
FNDA:0,(anonymous_3)
FNDA:0,(anonymous_4)
FNDA:0,(anonymous_5)
FNDA:0,(anonymous_6)
FNDA:0,(anonymous_7)
DA:1,0
DA:3,0
DA:4,0
DA:5,0
DA:6,0
DA:7,0
DA:9,0
DA:11,0
DA:15,0
DA:16,0
DA:18,0
DA:19,0
DA:21,0
DA:22,0
DA:25,0
DA:26,0
DA:27,0
DA:30,0
DA:35,0
DA:36,0
DA:38,0
DA:39,0
DA:40,0
DA:41,0
DA:42,0
DA:44,0
DA:45,0
DA:46,0
DA:48,0
DA:58,0
DA:59,0
DA:60,0
DA:73,0
DA:74,0
DA:76,0
DA:77,0
DA:78,0
DA:84,0
DA:88,0
DA:90,0
DA:91,0
DA:92,0
DA:93,0
DA:94,0
DA:95,0
DA:97,0
DA:98,0
DA:99,0
DA:100,0
DA:101,0
DA:102,0
DA:103,0
DA:104,0
DA:106,0
DA:111,0
DA:113,0
DA:114,0
DA:115,0
DA:116,0
DA:117,0
DA:118,0
DA:119,0
DA:120,0
DA:121,0
DA:122,0
DA:123,0
DA:124,0
DA:125,0
DA:126,0
DA:130,0
LF:70
LH:0
BRDA:16,0,0,0
BRDA:16,0,1,0
BRDA:19,1,0,0
BRDA:19,1,1,0
BRDA:21,2,0,0
BRDA:26,3,0,0
BRDA:35,4,0,0
BRDA:35,4,1,0
BRDA:36,5,0,0
BRDA:36,5,1,0
BRDA:40,6,0,0
BRDA:41,7,0,0
BRDA:42,8,0,0
BRDA:58,9,0,0
BRDA:58,9,1,0
BRDA:58,9,2,0
BRDA:58,9,3,0
BRDA:73,10,0,0
BRDA:73,11,0,0
BRDA:73,11,1,0
BRDA:77,12,0,0
BRDA:79,13,0,0
BRDA:79,13,1,0
BRDA:80,14,0,0
BRDA:80,14,1,0
BRDA:81,15,0,0
BRDA:81,15,1,0
BRDA:88,16,0,0
BRDA:88,16,1,0
BRDA:90,17,0,0
BRDA:90,17,1,0
BRDA:91,18,0,0
BRDA:92,19,0,0
BRDA:93,20,0,0
BRDA:93,20,1,0
BRDA:93,21,0,0
BRDA:93,21,1,0
BRDA:93,22,0,0
BRDA:93,22,1,0
BRDA:94,23,0,0
BRDA:94,23,1,0
BRDA:95,24,0,0
BRDA:95,24,1,0
BRDA:98,25,0,0
BRDA:98,25,1,0
BRDA:98,26,0,0
BRDA:98,26,1,0
BRDA:100,27,0,0
BRDA:100,27,1,0
BRDA:100,28,0,0
BRDA:100,28,1,0
BRDA:101,29,0,0
BRDA:101,29,1,0
BRDA:101,30,0,0
BRDA:101,30,1,0
BRDA:102,31,0,0
BRDA:102,32,0,0
BRDA:102,32,1,0
BRDA:115,33,0,0
BRDA:115,33,1,0
BRDA:117,34,0,0
BRDA:117,34,1,0
BRDA:119,35,0,0
BRDA:119,35,1,0
BRDA:119,36,0,0
BRDA:119,36,1,0
BRDA:121,37,0,0
BRDA:121,37,1,0
BRDA:123,38,0,0
BRDA:123,38,1,0
BRDA:123,39,0,0
BRDA:123,39,1,0
BRDA:125,40,0,0
BRDA:125,41,0,0
BRDA:125,41,1,0
BRF:75
BRH:0
end_of_record
TN:
SF:src\commands\git\push.ts
FN:10,(anonymous_0)
FN:14,(anonymous_1)
FN:18,(anonymous_2)
FN:34,(anonymous_3)
FN:72,(anonymous_4)
FN:84,(anonymous_5)
FN:90,(anonymous_6)
FNF:7
FNH:0
FNDA:0,(anonymous_0)
FNDA:0,(anonymous_1)
FNDA:0,(anonymous_2)
FNDA:0,(anonymous_3)
FNDA:0,(anonymous_4)
FNDA:0,(anonymous_5)
FNDA:0,(anonymous_6)
DA:1,0
DA:3,0
DA:4,0
DA:5,0
DA:6,0
DA:7,0
DA:9,0
DA:11,0
DA:15,0
DA:16,0
DA:18,0
DA:19,0
DA:21,0
DA:22,0
DA:25,0
DA:26,0
DA:27,0
DA:30,0
DA:35,0
DA:36,0
DA:37,0
DA:39,0
DA:40,0
DA:41,0
DA:42,0
DA:43,0
DA:44,0
DA:46,0
DA:47,0
DA:49,0
DA:58,0
DA:59,0
DA:60,0
DA:73,0
DA:75,0
DA:76,0
DA:77,0
DA:78,0
DA:79,0
DA:81,0
DA:82,0
DA:83,0
DA:84,0
DA:86,0
DA:91,0
DA:93,0
DA:94,0
DA:95,0
DA:96,0
DA:97,0
DA:98,0
DA:99,0
DA:100,0
DA:101,0
DA:102,0
DA:103,0
DA:104,0
DA:105,0
DA:106,0
DA:107,0
DA:108,0
DA:112,0
LF:62
LH:0
BRDA:16,0,0,0
BRDA:16,0,1,0
BRDA:19,1,0,0
BRDA:19,1,1,0
BRDA:21,2,0,0
BRDA:26,3,0,0
BRDA:35,4,0,0
BRDA:35,4,1,0
BRDA:36,5,0,0
BRDA:36,5,1,0
BRDA:37,6,0,0
BRDA:37,6,1,0
BRDA:41,7,0,0
BRDA:42,8,0,0
BRDA:43,9,0,0
BRDA:44,10,0,0
BRDA:58,11,0,0
BRDA:58,11,1,0
BRDA:58,11,2,0
BRDA:58,11,3,0
BRDA:73,12,0,0
BRDA:73,12,1,0
BRDA:75,13,0,0
BRDA:75,13,1,0
BRDA:76,14,0,0
BRDA:78,15,0,0
BRDA:78,15,1,0
BRDA:79,16,0,0
BRDA:79,16,1,0
BRDA:82,17,0,0
BRDA:82,18,0,0
BRDA:82,18,1,0
BRDA:95,19,0,0
BRDA:95,19,1,0
BRDA:97,20,0,0
BRDA:97,20,1,0
BRDA:99,21,0,0
BRDA:99,21,1,0
BRDA:99,22,0,0
BRDA:99,22,1,0
BRDA:101,23,0,0
BRDA:101,23,1,0
BRDA:101,24,0,0
BRDA:101,24,1,0
BRDA:103,25,0,0
BRDA:103,25,1,0
BRDA:105,26,0,0
BRDA:105,26,1,0
BRDA:105,27,0,0
BRDA:105,27,1,0
BRDA:107,28,0,0
BRDA:107,29,0,0
BRDA:107,29,1,0
BRF:53
BRH:0
end_of_record
TN:
SF:src\commands\git\reset.ts
FN:8,(anonymous_0)
FN:12,(anonymous_1)
FN:16,(anonymous_2)
FN:27,(anonymous_3)
FN:49,(anonymous_4)
FN:77,(anonymous_5)
FN:97,(anonymous_6)
FNF:7
FNH:0
FNDA:0,(anonymous_0)
FNDA:0,(anonymous_1)
FNDA:0,(anonymous_2)
FNDA:0,(anonymous_3)
FNDA:0,(anonymous_4)
FNDA:0,(anonymous_5)
FNDA:0,(anonymous_6)
DA:1,0
DA:3,0
DA:4,0
DA:5,0
DA:7,0
DA:9,0
DA:13,0
DA:14,0
DA:16,0
DA:17,0
DA:19,0
DA:20,0
DA:23,0
DA:28,0
DA:29,0
DA:31,0
DA:33,0
DA:34,0
DA:37,0
DA:38,0
DA:50,0
DA:52,0
DA:53,0
DA:54,0
DA:55,0
DA:56,0
DA:58,0
DA:59,0
DA:60,0
DA:69,0
DA:70,0
DA:71,0
DA:72,0
DA:73,0
DA:75,0
DA:76,0
DA:77,0
DA:78,0
DA:80,0
DA:81,0
DA:85,0
DA:86,0
DA:87,0
DA:88,0
DA:89,0
DA:90,0
DA:93,0
DA:98,0
DA:99,0
DA:101,0
DA:102,0
DA:103,0
DA:104,0
DA:105,0
DA:106,0
DA:107,0
DA:108,0
DA:110,0
DA:112,0
DA:113,0
DA:115,0
DA:119,0
DA:120,0
LF:63
LH:0
BRDA:14,0,0,0
BRDA:14,0,1,0
BRDA:17,1,0,0
BRDA:17,1,1,0
BRDA:19,2,0,0
BRDA:28,3,0,0
BRDA:28,3,1,0
BRDA:28,4,0,0
BRDA:28,4,1,0
BRDA:28,5,0,0
BRDA:28,5,1,0
BRDA:29,6,0,0
BRDA:29,6,1,0
BRDA:33,7,0,0
BRDA:34,8,0,0
BRDA:34,8,1,0
BRDA:50,9,0,0
BRDA:50,9,1,0
BRDA:52,10,0,0
BRDA:52,10,1,0
BRDA:55,11,0,0
BRDA:55,12,0,0
BRDA:55,12,1,0
BRDA:59,13,0,0
BRDA:59,13,1,0
BRDA:65,14,0,0
BRDA:65,14,1,0
BRDA:75,15,0,0
BRDA:75,16,0,0
BRDA:75,16,1,0
BRDA:80,17,0,0
BRDA:85,18,0,0
BRDA:85,18,1,0
BRDA:87,19,0,0
BRDA:87,19,1,0
BRDA:89,20,0,0
BRDA:103,21,0,0
BRDA:103,21,1,0
BRDA:105,22,0,0
BRDA:105,22,1,0
BRDA:107,23,0,0
BRDA:107,23,1,0
BRDA:112,24,0,0
BRDA:112,24,1,0
BRF:44
BRH:0
end_of_record
TN:
SF:src\commands\git\stash.ts
FN:8,(anonymous_0)
FN:12,(anonymous_1)
FN:16,(anonymous_2)
FN:45,(anonymous_3)
FN:63,(anonymous_4)
FN:80,(anonymous_5)
FN:97,(anonymous_6)
FN:114,(anonymous_7)
FN:131,(anonymous_8)
FN:149,(anonymous_9)
FN:165,(anonymous_10)
FN:188,(anonymous_11)
FN:193,(anonymous_12)
FN:212,(anonymous_13)
FN:223,(anonymous_14)
FN:240,(anonymous_15)
FN:263,(anonymous_16)
FN:279,(anonymous_17)
FNF:18
FNH:0
FNDA:0,(anonymous_0)
FNDA:0,(anonymous_1)
FNDA:0,(anonymous_2)
FNDA:0,(anonymous_3)
FNDA:0,(anonymous_4)
FNDA:0,(anonymous_5)
FNDA:0,(anonymous_6)
FNDA:0,(anonymous_7)
FNDA:0,(anonymous_8)
FNDA:0,(anonymous_9)
FNDA:0,(anonymous_10)
FNDA:0,(anonymous_11)
FNDA:0,(anonymous_12)
FNDA:0,(anonymous_13)
FNDA:0,(anonymous_14)
FNDA:0,(anonymous_15)
FNDA:0,(anonymous_16)
FNDA:0,(anonymous_17)
DA:1,0
DA:3,0
DA:4,0
DA:5,0
DA:7,0
DA:9,0
DA:13,0
DA:14,0
DA:16,0
DA:17,0
DA:18,0
DA:20,0
DA:21,0
DA:24,0
DA:26,0
DA:28,0
DA:30,0
DA:32,0
DA:34,0
DA:36,0
DA:38,0
DA:40,0
DA:46,0
DA:47,0
DA:49,0
DA:50,0
DA:53,0
DA:54,0
DA:64,0
DA:66,0
DA:67,0
DA:70,0
DA:71,0
DA:81,0
DA:82,0
DA:84,0
DA:85,0
DA:88,0
DA:89,0
DA:98,0
DA:99,0
DA:101,0
DA:102,0
DA:105,0
DA:106,0
DA:115,0
DA:116,0
[...]
DA:128,0
DA:129,0
DA:130,0
DA:132,0
DA:134,0
DA:138,0
DA:139,0
DA:140,0
DA:141,0
DA:143,0
DA:145,0
LF:53
LH:18
BRDA:33,0,0,0
BRDA:47,1,0,0
BRDA:55,2,0,0
BRDA:85,3,0,0
BRDA:85,4,0,60
BRDA:85,4,1,60
BRDA:127,5,0,0
BRDA:129,6,0,0
BRDA:138,7,0,0
BRDA:140,8,0,0
BRF:10
BRH:2
end_of_record
TN:
SF:src\core\error.ts
FN:26,(anonymous_0)
FN:34,(anonymous_1)
FN:45,(anonymous_2)
FN:60,(anonymous_3)
FN:74,createError
FNF:5
FNH:0
FNDA:0,(anonymous_0)
FNDA:0,(anonymous_1)
FNDA:0,(anonymous_2)
FNDA:0,(anonymous_3)
FNDA:0,createError
DA:1,1
DA:21,1
DA:27,0
DA:28,0
DA:29,0
DA:30,0
DA:31,0
DA:35,0
DA:36,0
DA:37,0
DA:39,0
DA:40,0
DA:42,0
DA:46,0
DA:51,0
DA:52,0
DA:54,0
DA:55,0
DA:57,0
DA:61,0
DA:62,0
DA:63,0
DA:64,0
DA:65,0
DA:67,0
DA:68,0
DA:70,0
DA:74,1
DA:79,0
DA:99,0
LF:30
LH:3
BRDA:36,0,0,0
BRDA:39,1,0,0
BRDA:51,2,0,0
BRDA:54,3,0,0
BRDA:64,4,0,0
BRDA:67,5,0,0
BRDA:80,6,0,0
BRDA:80,6,1,0
BRDA:88,7,0,0
BRDA:88,7,1,0
BRDA:88,8,0,0
BRDA:88,8,1,0
BRDA:88,9,0,0
BRDA:88,9,1,0
BRDA:88,10,0,0
BRDA:88,10,1,0
BRF:16
BRH:0
end_of_record
TN:
SF:src\core\format.ts
FN:7,(anonymous_0)
FN:11,(anonymous_1)
FN:15,(anonymous_2)
FN:19,(anonymous_3)
FN:38,(anonymous_4)
FN:61,(anonymous_5)
FN:76,(anonymous_6)
FN:109,(anonymous_7)
FN:113,(anonymous_8)
FN:117,(anonymous_9)
FN:133,(anonymous_10)
FNF:11
FNH:2
FNDA:8,(anonymous_0)
FNDA:8,(anonymous_1)
FNDA:0,(anonymous_2)
FNDA:0,(anonymous_3)
FNDA:0,(anonymous_4)
FNDA:0,(anonymous_5)
FNDA:0,(anonymous_6)
FNDA:0,(anonymous_7)
FNDA:0,(anonymous_8)
FNDA:0,(anonymous_9)
FNDA:0,(anonymous_10)
DA:2,1
DA:4,1
DA:8,8
DA:12,8
DA:16,0
DA:20,0
DA:21,0
DA:24,0
DA:25,0
DA:28,0
DA:30,0
DA:32,0
DA:34,0
DA:39,0
DA:40,0
DA:42,0
DA:44,0
DA:46,0
DA:50,0
DA:51,0
DA:53,0
DA:55,0
DA:57,0
DA:62,0
DA:63,0
DA:66,0
DA:67,0
DA:68,0
DA:70,0
DA:71,0
DA:73,0
DA:77,0
DA:78,0
DA:81,0
DA:82,0
DA:83,0
DA:85,0
DA:86,0
DA:88,0
DA:89,0
DA:91,0
DA:92,0
DA:94,0
DA:95,0
DA:97,0
DA:98,0
DA:100,0
DA:101,0
DA:103,0
DA:104,0
DA:106,0
DA:110,0
DA:114,0
DA:124,0
DA:125,0
DA:127,0
DA:128,0
DA:130,0
DA:138,0
DA:139,0
DA:141,0
LF:61
LH:4
BRDA:7,0,0,0
BRDA:20,1,0,0
BRDA:24,2,0,0
BRDA:24,3,0,0
BRDA:24,3,1,0
BRDA:24,3,2,0
BRDA:24,3,3,0
BRDA:28,4,0,0
BRDA:28,4,1,0
BRDA:28,4,2,0
BRDA:39,5,0,0
BRDA:40,6,0,0
BRDA:40,6,1,0
BRDA:40,6,2,0
BRDA:51,7,0,0
BRDA:51,7,1,0
BRDA:51,7,2,0
BRDA:53,8,0,0
BRDA:53,8,1,0
BRDA:53,9,0,0
BRDA:53,9,1,0
BRDA:55,10,0,0
BRDA:55,10,1,0
BRDA:55,11,0,0
BRDA:55,11,1,0
BRDA:62,12,0,0
BRDA:67,13,0,0
BRDA:70,14,0,0
BRDA:77,15,0,0
BRDA:77,16,0,0
BRDA:77,16,1,0
BRDA:81,17,0,0
BRDA:81,17,1,0
BRDA:82,18,0,0
BRDA:85,19,0,0
BRDA:88,20,0,0
BRDA:91,21,0,0
BRDA:94,22,0,0
BRDA:97,23,0,0
BRDA:100,24,0,0
BRDA:103,25,0,0
BRDA:124,26,0,0
BRDA:127,27,0,0
BRDA:138,28,0,0
BRF:44
BRH:0
end_of_record
TN:
SF:src\core\session.ts
FN:12,(anonymous_1)
FN:36,(anonymous_2)
FN:68,(anonymous_3)
FN:81,(anonymous_4)
FN:85,(anonymous_5)
FN:87,(anonymous_6)
FN:92,(anonymous_7)
FN:96,(anonymous_8)
FN:108,(anonymous_9)
FN:113,(anonymous_10)
FNF:10
FNH:3
FNDA:8,(anonymous_1)
FNDA:8,(anonymous_2)
FNDA:16,(anonymous_3)
FNDA:0,(anonymous_4)
FNDA:0,(anonymous_5)
FNDA:0,(anonymous_6)
FNDA:0,(anonymous_7)
FNDA:0,(anonymous_8)
FNDA:0,(anonymous_9)
FNDA:0,(anonymous_10)
DA:1,1
DA:2,1
DA:3,1
DA:7,1
DA:13,8
DA:14,8
DA:15,8
DA:22,8
DA:23,8
DA:28,8
DA:29,0
DA:32,8
DA:33,8
DA:43,8
DA:52,8
DA:54,8
DA:55,8
DA:58,8
DA:59,8
DA:61,0
DA:62,0
DA:65,8
DA:69,16
DA:73,16
DA:74,16
DA:76,0
DA:77,0
DA:82,0
DA:86,0
DA:87,0
DA:89,0
DA:93,0
DA:97,0
DA:98,0
DA:99,0
DA:101,0
DA:102,0
DA:103,0
DA:105,0
DA:109,0
DA:110,0
DA:114,0
DA:115,0
DA:116,0
DA:117,0
DA:119,0
DA:120,0
DA:122,0
DA:123,0
DA:124,0
DA:125,0
DA:126,0
DA:127,0
DA:132,0
DA:133,0
LF:55
LH:22
BRDA:28,0,0,0
BRDA:54,1,0,8
BRDA:86,2,0,0
BRDA:98,3,0,0
BRDA:98,3,1,0
BRDA:123,4,0,0
BRDA:125,5,0,0
BRF:7
BRH:1
end_of_record
TN:
SF:src\models\TestModel.ts
FN:18,(anonymous_0)
FNF:1
FNH:0
FNDA:0,(anonymous_0)
DA:10,0
DA:19,0
DA:20,0
DA:21,0
DA:22,0
DA:23,0
DA:24,0
LF:7
LH:0
BRDA:19,0,0,0
BRDA:19,0,1,0
BRDA:20,1,0,0
BRDA:20,1,1,0
BRDA:21,2,0,0
BRDA:21,2,1,0
BRDA:22,3,0,0
BRDA:22,3,1,0
BRDA:23,4,0,0
BRDA:23,4,1,0
BRDA:24,5,0,0
BRDA:24,5,1,0
BRF:12
BRH:0
end_of_record
TN:
SF:src\parsers\typescript.ts
FN:10,(anonymous_10)
FN:22,(anonymous_11)
FN:26,(anonymous_12)
FN:35,(anonymous_13)
FN:44,(anonymous_14)
FN:56,(anonymous_15)
FN:60,(anonymous_16)
FN:77,(anonymous_17)
FN:82,(anonymous_18)
FN:115,(anonymous_19)
FN:127,(anonymous_20)
FN:139,(anonymous_21)
FN:151,(anonymous_22)
FN:155,(anonymous_23)
FN:160,(anonymous_24)
FN:165,(anonymous_25)
FN:167,(anonymous_26)
FN:181,(anonymous_27)
FN:189,(anonymous_28)
FN:193,(anonymous_29)
FN:210,(anonymous_30)
FN:218,(anonymous_31)
FN:235,(anonymous_32)
FN:260,(anonymous_33)
FN:274,(anonymous_34)
FN:302,(anonymous_35)
FN:311,(anonymous_36)
FN:321,(anonymous_37)
FNF:28
FNH:15
FNDA:290,(anonymous_10)
FNDA:290,(anonymous_11)
FNDA:290,(anonymous_12)
FNDA:8,(anonymous_13)
FNDA:11,(anonymous_14)
FNDA:8147,(anonymous_15)
FNDA:8147,(anonymous_16)
FNDA:278,(anonymous_17)
FNDA:2581,(anonymous_18)
FNDA:179,(anonymous_19)
FNDA:12,(anonymous_20)
FNDA:0,(anonymous_21)
FNDA:341,(anonymous_22)
FNDA:18,(anonymous_23)
FNDA:152,(anonymous_24)
FNDA:3,(anonymous_25)
FNDA:0,(anonymous_26)
FNDA:0,(anonymous_27)
FNDA:0,(anonymous_28)
FNDA:0,(anonymous_29)
FNDA:0,(anonymous_30)
FNDA:0,(anonymous_31)
FNDA:0,(anonymous_32)
FNDA:0,(anonymous_33)
FNDA:0,(anonymous_34)
FNDA:0,(anonymous_35)
FNDA:0,(anonymous_36)
FNDA:0,(anonymous_37)
DA:1,1
DA:2,1
DA:3,1
DA:6,1
DA:8,290
DA:11,290
DA:12,290
DA:13,290
DA:18,0
DA:23,290
DA:27,290
DA:28,0
DA:31,290
DA:33,290
DA:36,8
DA:37,8
DA:38,8
DA:45,11
DA:46,11
DA:48,0
DA:57,8147
DA:58,8147
DA:60,8147
DA:61,8147
DA:62,8013
DA:63,8013
DA:66,8013
DA:78,278
DA:79,278
DA:80,278
DA:82,278
DA:83,2581
DA:84,2581
DA:85,2463
DA:86,2463
DA:93,118
DA:94,112
DA:95,112
DA:103,278
DA:116,179
DA:117,179
DA:128,12
DA:129,12
DA:140,0
DA:141,0
DA:152,341
DA:153,341
DA:154,341
DA:155,18
DA:156,3
DA:157,0
DA:159,338
DA:160,278
DA:161,278
DA:162,0
DA:164,60
DA:165,3
DA:166,3
DA:167,3
DA:168,3
DA:169,0
DA:178,290
DA:182,0
DA:183,0
DA:186,0
DA:188,0
DA:190,0
DA:191,0
DA:193,0
DA:194,0
DA:195,0
DA:199,0
DA:207,0
DA:211,0
DA:212,0
DA:215,0
DA:217,0
DA:219,0
DA:221,0
DA:222,0
DA:223,0
DA:228,0
DA:229,0
DA:234,0
DA:235,0
DA:236,0
DA:237,0
DA:244,0
DA:245,0
DA:250,0
DA:251,0
DA:259,0
DA:260,0
DA:261,0
DA:262,0
DA:264,0
DA:275,0
DA:277,0
DA:278,0
DA:283,0
DA:284,0
DA:289,0
DA:290,0
DA:299,0
DA:303,0
DA:304,0
DA:307,0
DA:308,0
DA:310,0
DA:312,0
DA:313,0
DA:314,0
DA:315,0
DA:316,0
DA:317,0
DA:322,0
DA:323,0
DA:324,0
DA:325,0
DA:326,0
DA:327,0
DA:332,0
LF:122
LH:54
BRDA:27,0,0,0
BRDA:37,1,0,8
BRDA:41,2,0,8
BRDA:41,2,1,0
BRDA:42,3,0,8
BRDA:42,3,1,0
BRDA:45,4,0,11
BRDA:50,5,0,5
BRDA:50,5,1,3
BRDA:61,6,0,8013
BRDA:63,7,0,8013
BRDA:63,7,1,8004
BRDA:68,8,0,9
BRDA:68,8,1,8004
BRDA:69,9,0,8013
BRDA:69,9,1,0
BRDA:70,10,0,8013
BRDA:70,10,1,0
BRDA:79,11,0,278
BRDA:84,12,0,2463
BRDA:84,12,1,118
BRDA:85,13,0,2463
BRDA:85,13,1,0
BRDA:89,14,0,2463
BRDA:89,14,1,0
BRDA:90,15,0,2463
BRDA:90,15,1,0
BRDA:93,16,0,112
BRDA:94,17,0,112
BRDA:94,17,1,0
BRDA:98,18,0,112
BRDA:98,18,1,0
BRDA:106,19,0,278
BRDA:106,19,1,0
BRDA:107,20,0,278
BRDA:107,20,1,0
BRDA:108,21,0,278
BRDA:108,21,1,278
BRDA:120,22,0,179
BRDA:120,22,1,0
BRDA:121,23,0,179
BRDA:121,23,1,0
BRDA:132,24,0,12
BRDA:132,24,1,0
BRDA:133,25,0,12
BRDA:133,25,1,0
BRDA:144,26,0,0
BRDA:144,26,1,0
BRDA:145,27,0,0
BRDA:145,27,1,0
BRDA:146,28,0,0
BRDA:146,28,1,0
BRDA:153,29,0,341
BRDA:154,30,0,3
BRDA:154,30,1,338
BRDA:154,31,0,341
BRDA:154,31,1,3
BRDA:156,32,0,0
BRDA:159,33,0,278
BRDA:159,33,1,60
BRDA:159,34,0,338
BRDA:159,34,1,278
BRDA:161,35,0,0
BRDA:164,36,0,3
BRDA:166,37,0,3
BRDA:168,38,0,0
BRDA:182,39,0,0
BRDA:194,40,0,0
BRDA:194,41,0,0
BRDA:194,41,1,0
BRDA:194,41,2,0
BRDA:202,42,0,0
BRDA:202,42,1,0
BRDA:211,43,0,0
BRDA:221,44,0,0
BRDA:222,45,0,0
BRDA:222,45,1,0
BRDA:222,46,0,0
BRDA:222,46,1,0
BRDA:226,47,0,0
BRDA:226,47,1,0
BRDA:228,48,0,0
BRDA:228,48,1,0
BRDA:228,49,0,0
BRDA:228,49,1,0
BRDA:232,50,0,0
BRDA:232,50,1,0
BRDA:234,51,0,0
BRDA:234,51,1,0
BRDA:236,52,0,0
BRDA:240,53,0,0
BRDA:240,53,1,0
BRDA:244,54,0,0
BRDA:244,54,1,0
BRDA:248,55,0,0
BRDA:248,55,1,0
BRDA:250,56,0,0
BRDA:254,57,0,0
BRDA:254,57,1,0
BRDA:259,58,0,0
BRDA:261,59,0,0
BRDA:262,60,0,0
BRDA:262,60,1,0
BRDA:263,61,0,0
BRDA:263,61,1,0
BRDA:267,62,0,0
BRDA:267,62,1,0
BRDA:277,63,0,0
BRDA:277,63,1,0
BRDA:281,64,0,0
BRDA:281,64,1,0
BRDA:283,65,0,0
BRDA:283,65,1,0
BRDA:283,66,0,0
BRDA:283,66,1,0
BRDA:287,67,0,0
BRDA:287,67,1,0
BRDA:289,68,0,0
BRDA:289,69,0,0
BRDA:289,69,1,0
BRDA:293,70,0,0
BRDA:293,70,1,0
BRDA:303,71,0,0
BRDA:313,72,0,0
BRDA:313,73,0,0
BRDA:313,73,1,0
BRDA:314,74,0,0
BRDA:314,74,1,0
BRDA:315,75,0,0
BRDA:315,75,1,0
BRDA:323,76,0,0
BRDA:323,77,0,0
BRDA:323,77,1,0
BRDA:324,78,0,0
BRDA:324,78,1,0
BRDA:325,79,0,0
BRDA:325,79,1,0
BRF:137
BRH:41
end_of_record
TN:
SF:src\utils\file.ts
FN:7,(anonymous_1)
FN:15,(anonymous_2)
FN:24,(anonymous_3)
FN:33,(anonymous_4)
FN:46,(anonymous_5)
FN:58,(anonymous_6)
FN:100,(anonymous_7)
FN:108,(anonymous_8)
FN:121,(anonymous_9)
FN:132,(anonymous_10)
FN:136,(anonymous_11)
FN:148,(anonymous_12)
FN:153,(anonymous_13)
FN:190,(anonymous_14)
FNF:14
FNH:8
FNDA:4,(anonymous_1)
FNDA:0,(anonymous_2)
FNDA:1,(anonymous_3)
FNDA:425,(anonymous_4)
FNDA:0,(anonymous_5)
FNDA:250,(anonymous_6)
FNDA:250,(anonymous_7)
FNDA:250,(anonymous_8)
FNDA:250,(anonymous_9)
FNDA:0,(anonymous_10)
FNDA:0,(anonymous_11)
FNDA:135,(anonymous_12)
FNDA:0,(anonymous_13)
FNDA:0,(anonymous_14)
DA:1,1
DA:2,1
DA:3,1
DA:6,1
DA:8,4
DA:9,4
DA:11,0
DA:16,0
DA:17,0
DA:18,0
DA:20,0
DA:25,1
DA:26,1
DA:27,1
DA:29,0
DA:34,425
DA:35,425
DA:36,0
DA:39,425
DA:40,425
DA:42,0
DA:47,0
DA:48,0
DA:49,0
DA:50,0
DA:52,0
DA:54,0
DA:59,250
DA:60,250
DA:61,250
DA:63,250
DA:64,250
DA:66,250
DA:67,250
DA:68,250
DA:70,250
DA:71,250
DA:73,250
DA:78,250
DA:80,250
DA:81,250
DA:83,250
DA:96,0
DA:101,250
DA:102,250
DA:103,250
DA:104,250
DA:105,250
DA:109,250
DA:110,250
DA:112,250
DA:113,0
DA:115,250
DA:116,20
DA:118,230
DA:122,250
DA:123,250
DA:124,2059133
DA:125,2059133
DA:126,0
DA:129,250
DA:133,0
DA:137,0
DA:138,0
DA:141,0
DA:142,0
DA:145,0
DA:149,135
DA:150,135
DA:154,0
DA:187,0
DA:191,0
DA:192,0
DA:197,0
DA:199,0
LF:75
LH:46
BRDA:35,0,0,0
BRDA:49,1,0,0
BRDA:73,2,0,250
BRDA:73,2,1,250
BRDA:73,2,2,10
BRDA:73,2,3,10
BRDA:101,3,0,0
BRDA:110,4,0,250
BRDA:110,4,1,250
BRDA:112,5,0,0
BRDA:112,6,0,250
BRDA:112,6,1,20
BRDA:115,7,0,20
BRDA:125,8,0,0
BRDA:125,9,0,2059133
BRDA:125,9,1,76520
BRDA:125,9,2,76520
BRDA:125,9,3,6995
BRDA:137,10,0,0
BRDA:141,11,0,0
BRDA:150,12,0,131
BRDA:150,12,1,4
BRDA:187,13,0,0
BRDA:187,13,1,0
BRF:24
BRH:15
end_of_record
TN:
SF:src\utils\git.ts
FN:5,(anonymous_0)
FN:10,(anonymous_1)
FN:32,(anonymous_2)
FN:44,(anonymous_3)
FN:56,(anonymous_4)
FN:68,(anonymous_5)
FN:80,(anonymous_6)
FN:110,(anonymous_7)
FN:123,(anonymous_8)
FN:136,(anonymous_9)
FN:155,(anonymous_10)
FN:165,(anonymous_11)
FN:183,(anonymous_12)
FN:206,(anonymous_13)
FN:214,(anonymous_14)
FN:234,(anonymous_15)
FN:246,(anonymous_16)
FN:258,(anonymous_17)
FN:270,(anonymous_18)
FN:282,(anonymous_19)
FN:294,(anonymous_20)
FN:314,(anonymous_21)
FN:337,(anonymous_22)
FN:358,(anonymous_23)
FN:384,(anonymous_24)
FN:400,(anonymous_25)
FN:408,(anonymous_26)
FN:409,(anonymous_27)
FN:427,(anonymous_28)
FN:460,(anonymous_29)
FN:472,(anonymous_30)
FN:491,(anonymous_31)
FN:502,(anonymous_32)
FN:514,(anonymous_33)
FN:522,(anonymous_34)
FN:531,(anonymous_35)
FN:554,(anonymous_36)
FN:575,(anonymous_37)
FN:600,(anonymous_38)
FN:616,(anonymous_39)
FN:627,(anonymous_40)
FN:645,(anonymous_41)
FN:657,(anonymous_42)
FN:670,(anonymous_43)
FN:682,(anonymous_44)
FNF:45
FNH:0
FNDA:0,(anonymous_0)
FNDA:0,(anonymous_1)
FNDA:0,(anonymous_2)
FNDA:0,(anonymous_3)
FNDA:0,(anonymous_4)
FNDA:0,(anonymous_5)
FNDA:0,(anonymous_6)
FNDA:0,(anonymous_7)
FNDA:0,(anonymous_8)
FNDA:0,(anonymous_9)
FNDA:0,(anonymous_10)
FNDA:0,(anonymous_11)
FNDA:0,(anonymous_12)
FNDA:0,(anonymous_13)
FNDA:0,(anonymous_14)
FNDA:0,(anonymous_15)
FNDA:0,(anonymous_16)
FNDA:0,(anonymous_17)
FNDA:0,(anonymous_18)
FNDA:0,(anonymous_19)
FNDA:0,(anonymous_20)
FNDA:0,(anonymous_21)
FNDA:0,(anonymous_22)
FNDA:0,(anonymous_23)
FNDA:0,(anonymous_24)
FNDA:0,(anonymous_25)
FNDA:0,(anonymous_26)
FNDA:0,(anonymous_27)
FNDA:0,(anonymous_28)
FNDA:0,(anonymous_29)
FNDA:0,(anonymous_30)
FNDA:0,(anonymous_31)
FNDA:0,(anonymous_32)
FNDA:0,(anonymous_33)
FNDA:0,(anonymous_34)
FNDA:0,(anonymous_35)
FNDA:0,(anonymous_36)
FNDA:0,(anonymous_37)
FNDA:0,(anonymous_38)
FNDA:0,(anonymous_39)
FNDA:0,(anonymous_40)
FNDA:0,(anonymous_41)
FNDA:0,(anonymous_42)
FNDA:0,(anonymous_43)
FNDA:0,(anonymous_44)
DA:1,0
DA:4,0
DA:6,0
DA:7,0
DA:11,0
DA:12,0
DA:14,0
DA:16,0
DA:22,0
DA:28,0
DA:33,0
DA:34,0
DA:38,0
DA:40,0
DA:45,0
DA:46,0
DA:50,0
DA:52,0
DA:57,0
DA:58,0
DA:62,0
DA:64,0
DA:69,0
DA:70,0
DA:75,0
DA:76,0
DA:77,0
DA:78,0
DA:80,0
DA:81,0
DA:83,0
DA:84,0
DA:87,0
DA:88,0
DA:90,0
DA:91,0
DA:92,0
DA:95,0
DA:96,0
DA:99,0
DA:100,0
DA:104,0
DA:106,0
DA:111,0
DA:112,0
DA:113,0
DA:117,0
DA:119,0
DA:124,0
DA:125,0
DA:133,0
DA:134,0
DA:136,0
DA:137,0
DA:138,0
DA:139,0
DA:149,0
DA:151,0
DA:156,0
DA:157,0
DA:162,0
DA:163,0
DA:165,0
DA:166,0
DA:167,0
DA:168,0
DA:177,0
DA:179,0
DA:184,0
DA:185,0
DA:186,0
DA:187,0
DA:192,0
DA:202,0
DA:207,0
DA:208,0
DA:213,0
DA:214,0
DA:215,0
DA:216,0
DA:217,0
DA:225,0
DA:228,0
DA:230,0
DA:235,0
DA:236,0
DA:240,0
DA:242,0
DA:247,0
DA:248,0
DA:252,0
DA:254,0
DA:259,0
DA:260,0
DA:264,0
DA:266,0
DA:271,0
DA:272,0
DA:276,0
DA:278,0
DA:283,0
DA:284,0
DA:288,0
DA:290,0
DA:295,0
DA:296,0
DA:297,0
DA:302,0
DA:303,0
DA:308,0
DA:310,0
DA:315,0
DA:316,0
DA:322,0
DA:327,0
DA:333,0
DA:334,0
DA:335,0
DA:336,0
DA:337,0
DA:341,0
DA:342,0
DA:350,0
DA:359,0
DA:360,0
DA:361,0
DA:362,0
DA:364,0
DA:369,0
DA:370,0
DA:372,0
DA:380,0
DA:381,0
DA:382,0
DA:383,0
DA:384,0
DA:388,0
DA:389,0
DA:396,0
DA:401,0
DA:402,0
DA:407,0
DA:408,0
DA:410,0
DA:411,0
DA:415,0
DA:417,0
DA:421,0
DA:423,0
DA:428,0
DA:429,0
DA:430,0
DA:431,0
DA:432,0
DA:433,0
DA:435,0
DA:437,0
DA:438,0
DA:441,0
DA:446,0
DA:451,0
DA:456,0
DA:461,0
DA:462,0
DA:466,0
DA:468,0
DA:473,0
DA:474,0
DA:475,0
DA:479,0
DA:480,0
DA:485,0
DA:487,0
DA:492,0
DA:493,0
DA:496,0
DA:498,0
DA:503,0
DA:504,0
DA:505,0
DA:508,0
DA:510,0
DA:515,0
DA:516,0
DA:521,0
DA:522,0
DA:523,0
DA:524,0
DA:527,0
DA:532,0
DA:533,0
DA:539,0
DA:544,0
DA:550,0
DA:551,0
DA:552,0
DA:553,0
DA:554,0
DA:558,0
DA:559,0
DA:567,0
DA:576,0
DA:577,0
DA:578,0
DA:579,0
DA:582,0
DA:587,0
DA:588,0
DA:590,0
DA:596,0
DA:597,0
DA:598,0
DA:599,0
DA:600,0
DA:604,0
DA:605,0
DA:612,0
DA:617,0
DA:618,0
DA:623,0
DA:624,0
DA:625,0
DA:627,0
DA:628,0
DA:629,0
DA:630,0
DA:631,0
DA:639,0
DA:641,0
DA:646,0
DA:647,0
DA:651,0
DA:653,0
DA:658,0
DA:659,0
DA:660,0
DA:664,0
DA:666,0
DA:671,0
DA:672,0
DA:676,0
DA:678,0
DA:683,0
DA:684,0
DA:685,0
DA:690,0
DA:691,0
DA:693,0
LF:248
LH:0
BRDA:7,0,0,0
BRDA:7,0,1,0
BRDA:10,1,0,0
BRDA:14,2,0,0
BRDA:14,2,1,0
BRDA:32,3,0,0
BRDA:44,4,0,0
BRDA:56,5,0,0
BRDA:68,6,0,0
BRDA:83,7,0,0
BRDA:91,8,0,0
BRDA:91,9,0,0
BRDA:91,9,1,0
BRDA:95,10,0,0
BRDA:95,11,0,0
BRDA:95,11,1,0
BRDA:99,12,0,0
BRDA:110,13,0,0
BRDA:110,14,0,0
BRDA:112,15,0,0
BRDA:112,15,1,0
BRDA:123,16,0,0
BRDA:123,17,0,0
BRDA:138,18,0,0
BRDA:167,19,0,0
BRDA:183,20,0,0
BRDA:185,21,0,0
BRDA:185,21,1,0
BRDA:216,22,0,0
BRDA:234,23,0,0
BRDA:246,24,0,0
BRDA:258,25,0,0
BRDA:270,26,0,0
BRDA:296,27,0,0
BRDA:296,27,1,0
BRDA:296,28,0,0
BRDA:296,28,1,0
BRDA:304,29,0,0
BRDA:304,29,1,0
BRDA:305,30,0,0
BRDA:305,30,1,0
BRDA:334,31,0,0
BRDA:336,32,0,0
BRDA:353,33,0,0
BRDA:353,33,1,0
BRDA:361,34,0,0
BRDA:362,35,0,0
BRDA:381,36,0,0
BRDA:383,37,0,0
BRDA:388,38,0,0
BRDA:430,39,0,0
BRDA:430,39,1,0
BRDA:437,40,0,0
BRDA:446,41,0,0
BRDA:446,41,1,0
BRDA:453,42,0,0
BRDA:453,42,1,0
BRDA:472,43,0,0
BRDA:474,44,0,0
BRDA:474,44,1,0
BRDA:479,45,0,0
BRDA:491,46,0,0
BRDA:491,47,0,0
BRDA:491,48,0,0
BRDA:504,49,0,0
BRDA:504,49,1,0
BRDA:524,50,0,0
BRDA:524,50,1,0
BRDA:551,51,0,0
BRDA:553,52,0,0
BRDA:570,53,0,0
BRDA:570,53,1,0
BRDA:575,54,0,0
BRDA:578,55,0,0
BRDA:597,56,0,0
BRDA:599,57,0,0
BRDA:604,58,0,0
BRDA:630,59,0,0
BRDA:630,60,0,0
BRDA:630,60,1,0
BRDA:645,61,0,0
BRDA:657,62,0,0
BRDA:659,63,0,0
BRDA:659,63,1,0
BRDA:682,64,0,0
BRDA:684,65,0,0
BRDA:684,65,1,0
BRF:87
BRH:0
end_of_record
TN:
SF:src\utils\hash.ts
FN:5,(anonymous_1)
FN:14,(anonymous_2)
FN:20,(anonymous_3)
FN:24,(anonymous_4)
FN:28,(anonymous_5)
FN:32,(anonymous_6)
FN:36,(anonymous_7)
FN:40,(anonymous_8)
FN:46,(anonymous_9)
FN:50,(anonymous_10)
FNF:10
FNH:0
FNDA:0,(anonymous_1)
FNDA:0,(anonymous_2)
FNDA:0,(anonymous_3)
FNDA:0,(anonymous_4)
FNDA:0,(anonymous_5)
FNDA:0,(anonymous_6)
FNDA:0,(anonymous_7)
FNDA:0,(anonymous_8)
FNDA:0,(anonymous_9)
FNDA:0,(anonymous_10)
DA:1,0
DA:2,0
DA:4,0
DA:6,0
DA:7,0
DA:8,0
DA:10,0
DA:15,0
DA:16,0
DA:17,0
DA:21,0
DA:28,0
DA:29,0
DA:30,0
DA:32,0
DA:33,0
DA:36,0
DA:37,0
DA:40,0
DA:41,0
DA:47,0
DA:51,0
LF:22
LH:0
BRDA:5,0,0,0
BRDA:14,1,0,0
BRDA:20,2,0,0
BRDA:26,3,0,0
BRF:4
BRH:0
end_of_record
TN:
SF:src\utils\logger.ts
FN:9,(anonymous_0)
FN:11,(anonymous_1)
FN:18,(anonymous_2)
FN:22,(anonymous_3)
FN:26,(anonymous_4)
FN:32,(anonymous_5)
FN:38,(anonymous_6)
FN:44,(anonymous_7)
FN:50,(anonymous_8)
FN:61,(anonymous_9)
FNF:10
FNH:0
FNDA:0,(anonymous_0)
FNDA:0,(anonymous_1)
FNDA:0,(anonymous_2)
FNDA:0,(anonymous_3)
FNDA:0,(anonymous_4)
FNDA:0,(anonymous_5)
FNDA:0,(anonymous_6)
FNDA:0,(anonymous_7)
FNDA:0,(anonymous_8)
FNDA:0,(anonymous_9)
DA:2,0
DA:4,0
DA:6,0
DA:7,0
DA:12,0
DA:13,0
DA:15,0
DA:19,0
DA:23,0
DA:27,0
DA:28,0
DA:33,0
DA:34,0
DA:39,0
DA:40,0
DA:45,0
DA:46,0
DA:51,0
DA:52,0
DA:54,0
DA:55,0
DA:57,0
DA:67,0
DA:68,0
DA:72,0
LF:25
LH:0
BRDA:12,0,0,0
BRDA:27,1,0,0
BRDA:27,2,0,0
BRDA:27,2,1,0
BRDA:33,3,0,0
BRDA:33,4,0,0
BRDA:33,4,1,0
BRDA:39,5,0,0
BRDA:39,6,0,0
BRDA:39,6,1,0
BRDA:45,7,0,0
BRDA:54,8,0,0
BRDA:54,8,1,0
BRDA:64,9,0,0
BRDA:65,10,0,0
BRDA:69,11,0,0
BRDA:69,11,1,0
BRF:17
BRH:0
end_of_record
TN:
SF:src\utils\platform.ts
FN:9,(anonymous_1)
FN:13,(anonymous_2)
FN:17,(anonymous_3)
FN:21,(anonymous_4)
FN:25,(anonymous_5)
FN:49,(anonymous_6)
FN:66,(anonymous_7)
FN:70,(anonymous_8)
FN:74,(anonymous_9)
FN:78,(anonymous_10)
FN:82,(anonymous_11)
FN:86,(anonymous_12)
FN:90,(anonymous_13)
FN:98,(anonymous_14)
FN:106,(anonymous_15)
FN:132,(anonymous_16)
FN:145,(anonymous_17)
FNF:17
FNH:0
FNDA:0,(anonymous_1)
FNDA:0,(anonymous_2)
FNDA:0,(anonymous_3)
FNDA:0,(anonymous_4)
FNDA:0,(anonymous_5)
FNDA:0,(anonymous_6)
FNDA:0,(anonymous_7)
FNDA:0,(anonymous_8)
FNDA:0,(anonymous_9)
FNDA:0,(anonymous_10)
FNDA:0,(anonymous_11)
FNDA:0,(anonymous_12)
FNDA:0,(anonymous_13)
FNDA:0,(anonymous_14)
FNDA:0,(anonymous_15)
FNDA:0,(anonymous_16)
FNDA:0,(anonymous_17)
DA:1,0
DA:2,0
DA:3,0
DA:8,0
DA:10,0
DA:14,0
DA:18,0
DA:22,0
DA:26,0
DA:27,0
DA:28,0
DA:30,0
DA:31,0
DA:33,0
DA:36,0
DA:37,0
DA:38,0
DA:39,0
DA:41,0
DA:42,0
DA:46,0
DA:50,0
DA:52,0
DA:54,0
DA:56,0
DA:58,0
DA:60,0
DA:62,0
DA:67,0
DA:71,0
DA:75,0
DA:79,0
DA:83,0
DA:87,0
DA:91,0
DA:92,0
DA:94,0
DA:99,0
DA:100,0
DA:102,0
DA:118,0
DA:133,0
DA:134,0
DA:137,0
DA:138,0
DA:139,0
DA:141,0
DA:146,0
LF:48
LH:0
BRDA:26,0,0,0
BRDA:27,1,0,0
BRDA:30,2,0,0
BRDA:36,3,0,0
BRDA:38,4,0,0
BRDA:41,5,0,0
BRDA:52,6,0,0
BRDA:52,6,1,0
BRDA:52,6,2,0
BRDA:52,6,3,0
BRDA:52,6,4,0
BRDA:54,7,0,0
BRDA:54,7,1,0
BRDA:56,8,0,0
BRDA:56,8,1,0
BRDA:60,9,0,0
BRDA:60,9,1,0
BRDA:71,10,0,0
BRDA:71,10,1,0
BRDA:133,11,0,0
BRDA:147,12,0,0
BRDA:147,12,1,0
BRDA:147,12,2,0
BRDA:147,12,3,0
BRDA:147,12,4,0
BRDA:147,12,5,0
BRF:26
BRH:0
end_of_record
TN:
SF:src\utils\token.ts
FN:2,(anonymous_0)
FN:6,(anonymous_1)
FN:11,(anonymous_2)
FN:12,(anonymous_3)
FN:17,(anonymous_4)
FN:18,(anonymous_5)
FN:23,(anonymous_6)
FN:33,(anonymous_7)
FN:39,(anonymous_8)
FN:49,(anonymous_9)
FNF:10
FNH:1
FNDA:11,(anonymous_0)
FNDA:0,(anonymous_1)
FNDA:0,(anonymous_2)
FNDA:0,(anonymous_3)
FNDA:0,(anonymous_4)
FNDA:0,(anonymous_5)
FNDA:0,(anonymous_6)
FNDA:0,(anonymous_7)
FNDA:0,(anonymous_8)
FNDA:0,(anonymous_9)
DA:1,1
DA:3,11
DA:7,0
DA:8,0
DA:12,0
DA:13,0
DA:18,0
DA:19,0
DA:29,0
DA:30,0
DA:39,0
DA:40,0
DA:50,0
DA:51,0
DA:53,0
DA:54,0
DA:56,0
LF:17
LH:2
BRDA:50,0,0,0
BRDA:53,1,0,0
BRF:2
BRH:0
end_of_record
